3 0 1 2
4 3 5 9 130
8 4 6 10 12 30 37 49 151
7 7 11 16 17 46 52 165
8 8 13 14 20 43 47 77 169
12 15 18 21 22 23 25 31 55 59 69 84 183
8 19 26 27 35 66 71 94 132
8 24 28 42 45 51 78 97 149
7 29 40 48 67 123 173 175
10 32 50 61 70 98 100 126 135 208 274
13 34 38 39 64 68 73 76 81 104 120 143 153 211
9 41 44 53 82 83 106 141 178 247
13 54 56 57 63 86 89 90 101 112 142 176 189 257
10 58 60 79 91 93 115 145 154 194 278
11 62 74 96 102 109 114 118 124 152 155 206
11 72 75 105 111 117 119 181 182 186 229 293
11 80 92 107 113 121 131 138 192 215 231 233
8 85 88 95 122 139 196 223 240
9 87 103 125 128 140 199 205 228 256
10 99 127 129 146 147 201 238 242 262 270
11 108 133 136 156 157 158 160 190 219 251 272
9 110 137 144 163 235 248 250 252 279
12 116 134 148 150 166 170 197 237 255 264 280 297
6 159 171 172 177 265 288
6 161 174 185 191 195 266
9 162 187 188 202 207 269 283 287 289
8 164 193 198 204 209 253 291 292
7 167 184 200 213 214 236 271
4 168 203 217 243
6 180 210 218 222 239 258
8 212 220 224 230 241 254 268 298
5 216 225 226 244 282
4 227 232 284 295
2 245 277
4 246 259 261 281
4 249 260 263 267
2 273 285
3 275 276 290
2 286 294
2 296 299
0
0
0
0
0
0
0
0
0
0
0
0
0
0
0
0
0
0
0
0
0
0
0
0
0
0
0
0
0
0
0
0
0
0
0
0
0
0
0
0
0
0
0
0
0
0
0
0
0
0
0
0
0
0
0
0
0
0
0
0
