3 0 6 60
7 1 2 3 4 7 12 20
6 5 8 13 44 49 86
5 9 16 51 56 131
7 10 11 14 18 54 142 757
11 15 17 21 22 26 28 31 36 58 124 1254
7 19 23 30 40 59 70 170
9 24 25 33 53 68 73 78 79 431
8 27 37 38 45 75 82 107 1653
8 29 32 34 42 46 63 77 89
10 35 39 43 50 80 101 108 136 144 2210
11 41 47 52 62 87 99 103 110 132 143 2554
12 55 57 64 65 67 71 94 123 129 140 148 195
13 61 66 69 72 81 96 113 134 139 149 160 176 181
12 74 76 83 85 90 97 115 145 163 165 182 410
15 84 88 91 93 104 105 118 121 135 158 171 185 188 204 263
15 92 95 98 106 112 114 116 127 184 192 197 207 220 231 3069
13 100 102 120 122 125 126 153 162 189 205 224 480 1207
17 109 117 119 128 130 133 150 151 152 154 167 191 201 221 226 234 925
5 137 155 174 270 1950
8 138 161 173 177 178 179 213 218
7 141 146 147 180 242 265 391
10 156 164 183 186 198 227 228 229 246 247
13 157 159 168 175 193 194 202 214 215 235 236 238 240
13 166 169 172 196 199 217 237 243 251 274 295 296 316
15 187 190 200 206 208 209 216 219 223 253 255 257 258 262 406
9 210 212 230 232 233 259 269 299 302
11 211 239 244 250 256 261 264 281 289 304 307
16 222 225 241 245 248 249 252 260 275 276 286 287 291 298 321 443
12 254 267 272 278 279 288 294 301 322 325 398 1293
10 266 280 282 283 290 308 314 327 336 452
16 268 271 273 277 284 285 292 293 305 309 312 317 329 343 383 939
7 297 300 310 323 361 390 626
9 303 306 324 331 333 366 371 392 1972
13 311 313 315 318 319 330 334 335 340 341 360 393 455
11 320 326 332 337 344 345 347 395 401 418 465
8 328 338 339 346 349 411 421 432
9 342 350 351 362 420 424 479 526 901
12 348 352 353 356 357 358 359 363 389 430 557 3378
8 354 355 365 367 386 404 416 437
5 364 368 438 532 2055
10 369 370 373 407 413 429 436 441 464 4277
9 372 374 377 379 384 414 446 451 495
13 375 376 380 382 385 387 388 426 427 447 471 616 8301
14 378 381 396 397 399 402 405 412 434 440 454 472 566 630
15 394 400 403 408 409 433 442 449 450 460 466 469 488 522 587
13 415 419 425 428 453 467 468 470 491 504 525 535 840
12 417 422 435 448 456 478 486 534 538 556 573 749
13 423 439 444 457 458 481 484 490 496 528 540 548 562
16 445 459 461 463 473 485 487 500 503 509 517 547 559 571 590 2659
13 462 475 477 498 505 514 539 555 570 579 603 611 623
8 474 476 564 574 592 632 635 758
15 482 483 489 493 494 508 510 512 515 551 576 593 598 638 664
10 497 499 544 558 594 644 648 653 662 667
11 501 516 518 520 531 567 577 581 605 669 955
11 502 506 507 521 546 569 595 602 609 675 690
13 511 513 523 524 527 529 536 537 584 597 613 685 707
16 519 530 533 541 542 543 545 552 586 588 604 619 631 702 729 2671
12 549 550 561 578 591 600 614 625 637 651 710 2408
8 553 572 575 582 589 620 628 641
15 554 560 580 596 601 608 612 621 634 640 642 652 679 706 746
13 563 565 583 599 607 618 639 647 650 654 705 722 792
15 568 585 610 615 617 622 624 636 670 673 681 712 731 737 750
15 606 627 629 643 645 657 676 678 695 721 727 736 747 759 795
15 633 646 649 658 659 663 668 684 725 735 738 743 748 762 790
17 655 656 660 661 665 671 674 680 682 687 745 752 755 756 763 797 7855
9 666 683 686 692 696 701 703 764 766
9 672 677 688 689 698 765 770 778 784
10 691 693 714 717 776 781 783 794 811 868
10 694 699 723 767 787 791 796 805 818 913
17 697 704 708 709 711 715 716 720 732 733 740 771 777 788 807 900 971
8 700 713 718 724 728 754 760 773
13 719 726 730 739 741 742 782 785 793 804 828 831 888
11 734 744 774 789 806 810 834 836 845 859 899
13 751 753 761 779 786 798 803 822 855 858 869 906 910
12 768 769 772 780 800 801 808 809 814 815 829 835
9 775 799 812 819 844 879 914 953 1202
3 802 813 820
12 816 817 821 824 827 848 850 860 898 926 954 1120
13 823 826 832 833 838 861 866 885 911 927 936 966 976
11 825 830 839 841 851 862 875 882 890 923 1680
14 842 843 846 847 857 863 870 880 891 912 932 937 944 948
12 849 852 865 871 874 895 915 958 960 962 973 1823
13 853 864 867 877 878 903 917 919 959 980 983 1001 1084
8 854 856 872 968 974 994 1003 2508
8 873 883 884 931 940 995 998 1006
10 876 881 886 887 889 904 941 964 977 1009
10 892 893 894 905 909 952 981 1007 1019 1020
13 896 897 907 916 924 929 930 963 972 985 988 1011 1015
10 902 908 918 928 946 984 1014 1035 1038 1425
9 920 921 922 933 938 943 1043 1052 1226
6 934 935 947 965 969 978
9 942 949 951 967 970 979 989 999 1018
14 945 950 956 957 982 987 990 991 996 1016 1021 1044 1055 1060
7 961 975 986 992 993 997 1000
7 1002 1004 1005 1008 1012 1017 1022
11 1010 1013 1023 1025 1026 1028 1036 1056 1064 1076 1082
6 1024 1027 1080 1083 1091 1173
11 1029 1030 1031 1032 1039 1049 1059 1085 1086 1134 4393
8 1033 1034 1063 1068 1073 1074 1087 2563
9 1037 1045 1053 1058 1069 1070 1077 1088 1136
7 1040 1041 1042 1061 1089 1095 1185
10 1046 1047 1050 1065 1071 1092 1093 1107 1139 1247
11 1048 1051 1057 1072 1075 1094 1096 1115 1127 1137 1230
6 1054 1062 1067 1116 1118 1150
10 1066 1078 1098 1099 1103 1125 1126 1128 1131 1242
13 1079 1081 1101 1102 1106 1108 1117 1129 1133 1141 1147 1149 2853
7 1090 1097 1100 1104 1110 1112 1140
3 1105 1109 1114
11 1111 1113 1119 1122 1124 1144 1148 1152 1153 1191 1288
13 1121 1123 1130 1145 1151 1155 1156 1157 1158 1161 1164 1174 1336
9 1132 1154 1162 1166 1172 1180 1195 1210 1212
7 1135 1143 1167 1183 1187 1204 1213
6 1138 1142 1146 1171 1184 1190
4 1159 1205 1244 1360
12 1160 1163 1165 1175 1179 1188 1197 1214 1216 1225 1261 5407
12 1168 1169 1177 1181 1182 1196 1219 1234 1238 1249 1301 6934
12 1170 1176 1198 1201 1203 1229 1231 1258 1259 1277 1403 3458
13 1178 1186 1189 1193 1194 1224 1236 1241 1262 1268 1274 1285 1374
10 1192 1217 1233 1239 1265 1270 1278 1279 1290 1300
7 1199 1218 1235 1237 1243 1280 1284
8 1200 1206 1211 1245 1246 1304 1375 8674
8 1208 1253 1260 1283 1287 1295 1306 1410
16 1209 1215 1220 1222 1223 1248 1255 1266 1289 1291 1292 1296 1312 1318 1343 8499
13 1221 1227 1228 1232 1250 1251 1252 1264 1275 1298 1303 1322 1327
14 1240 1256 1257 1263 1271 1281 1286 1302 1308 1321 1329 1333 1350 1437
13 1267 1272 1276 1282 1294 1297 1307 1310 1317 1334 1337 1341 1356
8 1269 1273 1299 1309 1314 1316 1331 1344
13 1305 1311 1320 1325 1328 1342 1347 1351 1354 1359 1404 1507 2090
8 1313 1319 1358 1361 1366 1367 1377 1446
8 1315 1323 1324 1326 1330 1338 1339 1547
7 1332 1340 1352 1362 1373 1378 3110
12 1335 1345 1355 1357 1368 1370 1379 1380 1383 1385 1456 8648
13 1346 1348 1353 1365 1371 1382 1388 1389 1390 1395 1398 1408 1540
9 1349 1364 1387 1391 1393 1397 1400 1418 1549
6 1363 1369 1376 1419 1426 1510
7 1372 1381 1401 1413 1427 1452 4783
10 1384 1386 1392 1394 1396 1405 1411 1435 1439 7105
8 1399 1416 1420 1440 1442 1454 1472 1552
8 1402 1409 1417 1445 1462 1467 1473 1495
14 1406 1407 1412 1414 1415 1421 1423 1432 1448 1468 1476 1478 1479 1594
11 1422 1424 1428 1434 1463 1481 1483 1484 1488 1514 1558
12 1429 1431 1436 1444 1450 1464 1482 1486 1487 1526 1574 2658
11 1430 1433 1443 1449 1457 1490 1497 1506 1542 1559 1958
8 1438 1441 1451 1458 1517 1522 1569 2318
12 1447 1453 1455 1459 1460 1461 1469 1477 1535 1536 1562 3275
12 1465 1466 1470 1471 1474 1485 1505 1544 1570 1573 1575 3664
7 1475 1480 1489 1493 1498 1519 1545
14 1491 1494 1496 1499 1501 1502 1508 1520 1548 1572 1576 1577 1579 1662
13 1492 1500 1503 1504 1509 1513 1516 1525 1533 1581 1599 1602 1619
12 1511 1518 1521 1523 1524 1531 1538 1554 1585 1586 1615 5449
8 1512 1515 1527 1529 1539 1546 1614 1622
8 1528 1530 1532 1534 1541 1555 1624 1633
9 1537 1551 1556 1567 1588 1607 1623 1636 4399
8 1543 1550 1553 1561 1563 1641 1645 1677
9 1557 1560 1564 1566 1571 1582 1616 1642 4987
10 1565 1568 1578 1583 1590 1600 1611 1643 1646 3286
13 1580 1584 1587 1591 1596 1603 1606 1608 1617 1618 1638 1652 1758
6 1589 1592 1597 1610 1621 1626
15 1593 1595 1598 1612 1628 1629 1631 1632 1648 1649 1654 1658 1659 1691 1966
15 1601 1605 1613 1630 1634 1637 1639 1640 1647 1650 1651 1661 1663 1682 1705
12 1609 1620 1644 1655 1656 1657 1665 1669 1683 1694 1698 1704
10 1625 1627 1660 1666 1670 1673 1696 1699 1701 1801
10 1635 1667 1668 1671 1675 1678 1703 1708 1713 2138
8 1664 1672 1679 1684 1706 1718 1726 2170
10 1674 1676 1681 1686 1687 1688 1712 1720 1722 1731
11 1685 1689 1690 1702 1707 1719 1728 1730 1732 1740 2252
11 1692 1693 1695 1714 1727 1736 1739 1744 1760 1788 1881
10 1697 1700 1709 1711 1737 1743 1748 1751 1805 2169
10 1710 1715 1716 1717 1742 1749 1764 1772 1808 1825
13 1721 1723 1724 1733 1741 1747 1753 1754 1759 1786 1798 1809 1813
15 1725 1729 1734 1738 1746 1750 1761 1762 1763 1792 1820 1822 1829 1848 4129
12 1735 1745 1752 1756 1765 1766 1782 1795 1826 1837 1858 2208
12 1755 1767 1768 1769 1770 1793 1797 1812 1841 1851 1865 1951
9 1757 1771 1775 1780 1802 1824 1846 1868 1898
10 1773 1774 1776 1781 1806 1811 1847 1878 1887 1929
9 1777 1778 1787 1818 1849 1890 1892 1905 2746
9 1779 1783 1789 1807 1859 1877 1894 1923 2114
8 1784 1785 1819 1882 1901 1903 1909 1948
12 1790 1791 1796 1804 1810 1814 1821 1895 1906 1928 1931 2322
9 1794 1799 1800 1816 1836 1893 1919 1935 1962
3 1803 1817 2617
11 1815 1827 1828 1839 1850 1899 1927 1938 1939 2029 3871
14 1830 1831 1834 1840 1842 1853 1854 1904 1925 1936 1952 1961 2103 4185
7 1833 1835 1838 1844 1926 1953 1956
5 1843 1845 1852 1855 1976
9 1856 1885 1915 1957 1974 1982 1987 2002 2273
11 1857 1870 1875 1886 1916 1924 1940 1990 2010 2030 2032
6 1860 1861 1871 1872 1876 1880
10 1862 1864 1873 1879 1889 1917 1933 1969 2007 3780
16 1863 1883 1884 1891 1896 1902 1907 1911 1918 1934 1943 1971 1983 2019 2038 3950
14 1866 1867 1869 1897 1913 1920 1932 1941 1946 1954 1991 2011 2049 2824
11 1874 1914 1921 1945 1959 2001 2005 2022 2059 2073 2117
11 1888 1908 1910 1912 1922 2013 2024 2027 2035 2069 2096
7 1930 1937 1947 1960 1964 1973 2070
14 1942 1944 1955 1963 1965 1975 1988 2003 2028 2046 2064 2080 2097 2098
11 1949 1967 1977 1979 1985 2004 2034 2067 2094 2100 2130
6 1968 1970 1980 1981 1989 1998
12 1978 1984 1986 1994 1996 2012 2014 2043 2050 2113 2134 2223
13 1992 1993 1995 1997 1999 2017 2018 2044 2054 2083 2120 2139 2145
12 2000 2006 2008 2016 2023 2037 2047 2066 2091 2127 2133 2163
14 2015 2020 2021 2025 2033 2040 2045 2057 2063 2101 2131 2148 2152 5592
13 2026 2031 2036 2039 2041 2048 2058 2065 2087 2125 2136 2158 2165
10 2042 2051 2052 2068 2071 2088 2144 2155 2175 4203
4 2053 2172 2185 2224
12 2056 2061 2062 2075 2081 2092 2149 2157 2182 2188 2200 2225
15 2060 2072 2074 2076 2084 2085 2095 2102 2137 2161 2193 2196 2197 2211 8942
9 2077 2078 2086 2093 2099 2202 2203 2221 2770
14 2079 2082 2089 2104 2109 2111 2146 2162 2189 2192 2219 2227 2238 2243
12 2105 2107 2115 2116 2119 2124 2168 2191 2226 2249 2253 2909
16 2106 2108 2118 2121 2122 2142 2150 2183 2186 2194 2195 2218 2251 2255 2257 3346
11 2110 2126 2128 2153 2154 2199 2201 2204 2237 2258 2269
12 2112 2129 2156 2160 2205 2215 2222 2259 2267 2271 2276 4018
16 2123 2132 2140 2141 2151 2159 2173 2229 2239 2242 2262 2277 2280 2286 2287 2521
10 2135 2143 2164 2167 2174 2177 2289 2294 2307 2312
13 2147 2171 2178 2179 2190 2209 2256 2266 2283 2298 2321 2358 5456
4 2166 2176 2232 2265
9 2180 2181 2184 2187 2198 2212 2300 2329 2606
9 2206 2213 2214 2268 2282 2301 2308 2326 2813
13 2207 2216 2220 2228 2230 2231 2236 2263 2290 2310 2334 2337 2540
14 2217 2233 2234 2235 2241 2246 2254 2295 2302 2331 2342 2353 2363 4348
14 2240 2244 2264 2274 2303 2309 2317 2325 2336 2339 2347 2361 2409 4186
15 2245 2247 2248 2250 2272 2279 2299 2306 2328 2333 2349 2354 2371 2373 3087
13 2260 2261 2270 2281 2284 2340 2344 2365 2367 2372 2376 2427 3032
10 2275 2285 2341 2350 2369 2370 2389 2410 2441 2493
10 2278 2288 2311 2364 2378 2391 2394 2411 2421 3128
13 2291 2292 2304 2314 2319 2343 2379 2392 2396 2423 2449 2450 2488
12 2293 2297 2323 2345 2380 2381 2388 2400 2433 2456 2457 2487
8 2296 2305 2313 2315 2320 2332 2346 2862
15 2316 2324 2327 2330 2335 2348 2351 2387 2403 2404 2405 2425 2443 2463 2597
16 2338 2352 2355 2360 2362 2368 2374 2398 2406 2416 2422 2435 2437 2454 2490 2509
10 2356 2357 2366 2375 2383 2386 2401 2413 2420 2430
11 2377 2382 2390 2395 2407 2414 2419 2428 2434 2445 5434
10 2384 2393 2397 2417 2424 2431 2438 2440 2446 2448
10 2385 2399 2402 2429 2447 2452 2458 2460 2469 2492
5 2412 2474 2475 2491 6750
9 2415 2439 2451 2459 2466 2471 2481 2494 2529
7 2418 2461 2462 2472 2499 2502 2530
13 2426 2436 2442 2444 2455 2468 2473 2478 2483 2503 2516 2544 2586
11 2432 2453 2467 2470 2476 2485 2517 2545 2550 2564 2579
9 2464 2477 2479 2482 2484 2486 2594 2604 2704
11 2465 2480 2489 2496 2500 2518 2583 2595 2609 2610 2953
14 2495 2497 2498 2501 2504 2505 2506 2510 2522 2553 2569 2608 2618 2627
10 2507 2511 2512 2513 2514 2524 2534 2592 2615 2691
6 2515 2523 2525 2526 2527 2528
10 2519 2520 2531 2532 2533 2549 2555 2593 2623 2750
6 2535 2541 2625 2628 2650 4531
11 2536 2537 2538 2539 2542 2546 2575 2598 2612 2638 2664
11 2543 2547 2548 2552 2557 2560 2562 2582 2629 2666 2697
11 2551 2556 2558 2561 2565 2567 2570 2572 2588 2616 2620
5 2559 2566 2568 2573 2814
7 2571 2574 2621 2624 2631 2677 5037
12 2576 2577 2578 2580 2584 2587 2607 2630 2637 2679 2693 2816
8 2585 2589 2590 2611 2619 2643 2647 2669
4 2591 2683 2724 3000
11 2596 2600 2602 2632 2633 2636 2654 2656 2730 2755 6675
12 2599 2613 2635 2640 2642 2646 2655 2689 2692 2764 2785 3698
14 2601 2614 2626 2634 2644 2662 2667 2672 2674 2685 2698 2772 2786 4795
13 2603 2605 2622 2645 2653 2668 2699 2701 2703 2719 2725 2728 2773
5 2639 2641 2648 2649 2660
11 2651 2652 2657 2663 2665 2670 2676 2687 2705 2707 2709
10 2661 2673 2678 2690 2721 2727 2734 2752 2794 3080
11 2675 2680 2682 2688 2700 2708 2723 2733 2747 2795 2806
9 2681 2684 2694 2716 2763 2775 2815 2818 2843
10 2686 2696 2702 2710 2712 2726 2779 2819 2820 3713
13 2695 2706 2713 2714 2715 2732 2739 2743 2767 2821 2822 2830 2839
5 2711 2717 2722 2729 2736
6 2718 2744 2749 2823 2836 2845
13 2720 2731 2737 2740 2741 2753 2756 2757 2789 2798 2807 2840 8012
9 2735 2738 2742 2745 2748 2754 2758 2848 2878
6 2751 2759 2827 2833 2847 2851
7 2760 2761 2792 2811 2855 2858 3931
8 2762 2765 2766 2769 2801 2864 2865 3097
8 2768 2778 2800 2812 2868 2873 2880 3107
10 2771 2776 2777 2780 2796 2825 2870 2876 2886 2888
16 2774 2781 2782 2787 2790 2791 2793 2803 2804 2832 2842 2863 2872 2879 2890 2897
13 2783 2797 2799 2802 2805 2808 2810 2817 2826 2844 2895 2902 2914
14 2784 2788 2809 2829 2831 2834 2837 2841 2849 2860 2871 2894 2905 2961
7 2828 2835 2846 2850 2852 2856 2866
8 2838 2854 2859 2861 2877 2908 2922 2993
13 2857 2867 2874 2875 2882 2884 2889 2906 2911 2925 2926 2936 7509
5 2869 2881 2883 2885 2887
6 2891 2915 2929 2940 2964 2968
8 2892 2896 2918 2933 2943 2962 2976 2983
11 2893 2898 2899 2901 2903 2923 2945 2946 2985 2987 2998
7 2900 2904 2907 2913 2931 2950 2951
6 2910 2916 2921 2924 2932 2939
16 2912 2917 2919 2927 2928 2930 2935 2938 2942 2944 2965 2966 3002 3010 3012 3021
11 2920 2934 2937 2947 2948 2956 2970 2974 3014 3020 3064
17 2941 2952 2954 2955 2957 2958 2960 2971 2978 2980 2994 2995 3019 3026 3033 3035 4197
9 2949 2959 2977 2984 3001 3015 3023 3041 3987
11 2963 2967 2969 2972 2979 2988 2990 2991 3003 3028 3042
13 2973 2975 2981 2989 2996 2997 3004 3011 3013 3031 3039 3043 3153
10 2982 2992 2999 3006 3008 3040 3046 3048 3063 4803
13 2986 3005 3007 3009 3016 3018 3034 3037 3056 3059 3076 3081 3172
13 3017 3022 3027 3045 3058 3060 3062 3070 3071 3084 3099 3140 4374
17 3024 3025 3029 3030 3036 3038 3044 3049 3052 3061 3074 3075 3091 3093 3098 3115 3120
12 3047 3050 3053 3072 3078 3079 3089 3094 3095 3106 3111 5127
8 3051 3054 3057 3065 3082 3085 3088 3224
13 3055 3066 3068 3073 3077 3083 3096 3100 3102 3109 3113 3132 7681
11 3067 3090 3092 3101 3114 3118 3125 3126 3134 3189 3897
18 3103 3104 3105 3108 3112 3116 3117 3121 3123 3124 3127 3131 3142 3143 3158 3184 3218 4501
11 3119 3122 3130 3136 3137 3144 3150 3151 3162 3185 3204
13 3129 3133 3135 3139 3141 3145 3155 3165 3171 3175 3198 3223 3386
9 3138 3146 3149 3152 3161 3179 3180 3229 4719
10 3147 3154 3163 3164 3166 3186 3192 3214 3237 3274
12 3148 3157 3159 3177 3183 3195 3206 3238 3244 3254 3264 7281
16 3156 3160 3167 3169 3173 3174 3178 3182 3187 3217 3226 3234 3240 3255 3279 3969
9 3168 3170 3176 3181 3190 3191 3194 3201 3207
7 3188 3193 3209 3215 3227 3243 3246
7 3196 3197 3199 3202 3235 3248 3259
13 3200 3203 3205 3210 3211 3212 3213 3219 3241 3242 3250 3256 3277
9 3208 3216 3221 3231 3247 3252 3265 3289 8267
12 3220 3222 3228 3232 3258 3260 3268 3273 3284 3287 3369 3517
6 3225 3272 3280 3301 3302 3350
5 3230 3282 3283 3285 3288
8 3233 3263 3290 3293 3296 3298 3305 3310
12 3236 3239 3245 3249 3251 3261 3266 3297 3303 3304 3313 4922
11 3253 3257 3262 3299 3300 3306 3309 3312 3322 3335 3347
9 3267 3269 3308 3315 3318 3324 3327 3337 6111
12 3270 3271 3278 3319 3320 3330 3336 3343 3344 3349 3359 4392
9 3276 3281 3291 3292 3323 3331 3339 3341 4484
12 3294 3295 3307 3328 3332 3345 3348 3352 3355 3356 3380 7611
9 3311 3314 3316 3340 3342 3353 3357 3363 3367
9 3317 3321 3376 3379 3383 3385 3387 3402 3412
11 3325 3326 3338 3351 3354 3361 3365 3388 3407 3413 3440
8 3329 3333 3334 3360 3368 3390 3408 3484
10 3358 3372 3374 3389 3399 3400 3415 3417 3422 3886
6 3362 3382 3392 3405 3427 3456
14 3364 3366 3370 3377 3391 3395 3401 3419 3423 3431 3434 3455 3464 3589
11 3371 3373 3393 3396 3397 3404 3437 3441 3447 3478 3522
10 3375 3381 3446 3448 3449 3452 3465 3480 3500 5266
11 3384 3394 3403 3406 3416 3421 3460 3485 3488 3492 3569
18 3398 3409 3414 3418 3424 3425 3428 3429 3432 3467 3472 3481 3486 3497 3503 3505 3514 9069
11 3410 3411 3420 3426 3430 3433 3436 3438 3473 3479 3491
12 3435 3439 3443 3450 3454 3474 3498 3499 3502 3504 3507 3617
17 3442 3444 3445 3451 3453 3459 3461 3462 3470 3483 3496 3506 3509 3518 3520 3523 3545
11 3457 3463 3466 3489 3494 3511 3515 3525 3526 3528 4509
11 3468 3469 3476 3487 3501 3516 3519 3529 3533 3543 4729
12 3471 3475 3477 3482 3490 3493 3495 3508 3521 3535 3562 3712
13 3510 3512 3513 3524 3532 3536 3538 3548 3551 3558 3559 3586 8232
12 3527 3530 3534 3547 3550 3552 3554 3561 3571 3576 3588 3781
4 3531 3537 3553 3560
6 3539 3563 3567 3581 3591 3611
17 3540 3541 3542 3556 3565 3568 3570 3575 3577 3582 3587 3595 3600 3604 3609 3612 4271
13 3544 3546 3557 3566 3573 3574 3590 3592 3594 3597 3613 3620 5273
15 3549 3555 3564 3572 3578 3583 3593 3598 3599 3610 3624 3626 3627 3630 3643
7 3579 3584 3601 3602 3614 3631 3745
12 3580 3585 3596 3605 3606 3621 3628 3633 3637 3644 3727 8163
5 3603 3608 3625 3634 3638
11 3607 3615 3622 3623 3635 3639 3641 3642 3652 3656 6997
14 3616 3629 3636 3640 3645 3648 3649 3653 3658 3660 3662 3665 3671 3730
9 3632 3646 3650 3659 3661 3670 3677 3679 3688
9 3647 3657 3667 3668 3674 3676 3684 3711 3838
12 3651 3655 3663 3666 3669 3672 3673 3678 3681 3687 3690 3723
8 3654 3680 3682 3683 3694 3715 3724 3741
11 3675 3685 3686 3689 3695 3700 3702 3703 3716 3733 8196
4 3691 3696 3718 3737
10 3692 3693 3697 3699 3701 3704 3705 3749 3792 6533
5 3706 3707 3719 3762 3860
3 3708 3709 3755
9 3710 3714 3717 3720 3728 3734 3769 3771 3797
7 3721 3722 3725 3726 3742 3787 3791
8 3729 3736 3744 3766 3801 3804 3812 3857
11 3731 3738 3747 3759 3761 3777 3800 3809 3819 3856 5939
12 3732 3735 3740 3748 3750 3763 3764 3806 3814 3820 3825 4013
11 3739 3746 3751 3752 3756 3768 3815 3822 3835 3836 3850
11 3743 3753 3754 3757 3767 3834 3837 3848 3858 3880 8375
7 3758 3760 3831 3844 3853 3863 3883
10 3765 3772 3774 3803 3832 3854 3872 3884 3887 3899
9 3770 3773 3776 3782 3784 3794 3823 3861 3902
10 3775 3779 3783 3785 3788 3810 3864 3889 3890 8046
6 3778 3789 3793 3796 3805 3824
12 3786 3790 3798 3799 3808 3813 3818 3846 3868 3892 3914 7617
6 3795 3802 3807 3811 3827 5190
9 3816 3817 3821 3826 3828 3841 3847 3852 3870
12 3829 3839 3842 3843 3873 3874 3876 3878 3882 3898 3903 4041
16 3830 3833 3845 3851 3862 3865 3881 3895 3896 3906 3911 3920 3922 3927 3934 8684
13 3840 3849 3859 3866 3867 3888 3900 3909 3917 3923 3928 3929 3945
16 3855 3869 3875 3877 3879 3893 3894 3908 3912 3916 3918 3926 3932 3941 3954 3965
16 3885 3891 3901 3904 3905 3907 3910 3913 3915 3933 3935 3942 3943 3956 3971 3978
8 3919 3930 3937 3944 3957 3959 3975 8171
5 3921 3924 3925 3936 3985
11 3938 3939 3948 3953 3955 3960 3977 3981 3984 3994 4023
11 3940 3946 3947 3949 3961 3962 3963 3964 3983 4005 4047
12 3951 3952 3967 3968 3973 3979 3980 3982 3995 3998 4010 4022
12 3958 3966 3970 3974 3989 3992 3996 4000 4009 4019 4040 4042
12 3972 3976 3986 3991 3997 3999 4001 4004 4015 4049 4054 4057
12 3988 3990 3993 4002 4007 4012 4016 4025 4032 4067 4069 4077
8 4003 4006 4030 4052 4075 4091 4095 6700
9 4008 4011 4026 4037 4051 4079 4097 4103 6330
11 4014 4024 4033 4036 4038 4039 4053 4061 4108 4116 4120
5 4017 4027 4118 4122 4124
12 4020 4021 4029 4031 4035 4043 4044 4055 4065 4082 4127 4156
14 4028 4034 4045 4046 4050 4058 4060 4073 4076 4081 4083 4126 4133 4142
13 4048 4062 4064 4074 4084 4086 4096 4102 4132 4134 4140 4157 6011
12 4056 4063 4066 4085 4087 4089 4092 4106 4110 4114 4145 4192
11 4059 4068 4093 4098 4100 4131 4146 4149 4151 4158 4242
8 4070 4101 4107 4144 4148 4160 4178 4193
9 4071 4072 4105 4123 4152 4161 4162 4177 8308
