8 0 1 6 12 20 24 63 3227
13 2 3 4 5 7 10 18 25 31 47 65 75 470
7 8 11 29 37 41 85 4329
11 9 14 17 19 28 44 77 79 98 124 233
13 13 15 21 30 46 50 88 103 119 126 202 283 341
18 16 22 32 48 52 64 66 72 97 104 105 120 127 145 212 362 411 2107
17 23 26 33 35 36 38 39 55 56 100 113 121 166 172 224 419 592
24 27 34 40 43 51 54 57 58 86 101 114 129 149 160 181 192 196 240 265 277 447 531 1199 6422
24 42 49 53 59 67 71 76 92 95 96 112 118 137 142 146 195 197 205 253 282 371 491 496 519
24 45 60 62 70 83 84 99 122 136 139 151 186 218 235 251 262 287 340 439 503 511 582 4659 7414
25 61 68 69 73 74 91 109 115 123 131 148 154 155 162 206 217 296 312 315 321 368 448 518 537 647
25 78 80 81 87 110 111 116 125 143 153 157 165 176 242 267 293 298 344 378 390 451 480 547 578 694
22 82 93 106 117 133 140 169 179 201 269 284 316 347 349 396 467 501 556 561 624 697 722
26 89 107 134 135 141 161 178 180 211 226 246 260 317 346 372 374 399 415 426 516 574 637 655 711 819 973
29 90 108 128 130 132 147 150 164 168 183 193 222 241 244 248 272 329 351 427 453 497 573 638 641 696 796 845 960 7527
35 94 138 144 158 163 167 174 177 184 189 198 210 214 245 247 255 268 279 364 366 401 423 441 442 455 486 509 566 616 730 764 825 849 870 969
33 102 152 159 170 171 173 185 190 194 199 213 234 254 263 285 307 326 342 381 410 458 459 464 485 517 575 617 788 824 852 900 1177 1627
31 156 175 182 191 200 203 219 223 225 231 264 270 274 297 299 302 303 324 348 433 469 506 542 543 581 587 714 836 869 946 1154
30 187 188 204 228 237 249 278 318 325 354 355 424 438 454 463 483 520 579 607 614 621 651 677 769 936 953 966 977 1185 1766
26 207 208 209 230 239 259 305 335 361 370 488 608 622 632 634 652 661 731 806 818 937 950 1027 1099 1212 1851
31 215 216 232 243 257 258 292 310 322 337 367 369 379 386 388 398 407 471 495 562 640 717 732 843 891 951 1001 1071 1268 1635 6148
33 220 221 250 252 266 290 300 301 331 339 376 382 414 440 444 478 481 500 524 591 631 657 668 692 749 787 860 990 1010 1079 1106 1235 1289
31 227 229 236 261 313 323 332 334 345 406 412 418 461 490 508 535 549 650 672 695 699 737 809 856 882 1015 1022 1136 1150 1298 1363
32 238 308 311 353 359 384 387 403 428 430 449 494 505 536 595 599 649 658 707 708 712 735 754 814 889 892 940 1105 1181 1315 1367 1445
31 256 271 273 281 288 319 320 356 358 360 373 394 475 492 507 538 618 723 748 752 821 857 894 978 1115 1184 1211 1345 1397 1921 1993
33 275 276 289 338 363 391 392 413 510 512 514 568 583 646 705 725 728 765 767 783 808 823 859 942 1209 1237 1255 1270 1313 1350 1428 1596 2451
31 280 286 291 294 304 343 365 380 400 420 452 465 522 533 559 588 727 757 770 826 932 983 1119 1227 1263 1288 1323 1327 1369 1508 2084
38 295 309 375 383 409 468 472 473 527 529 539 557 580 585 604 611 613 733 742 759 776 786 827 828 880 948 1153 1254 1266 1287 1295 1399 1473 1484 1522 1637 2103 4087
43 306 314 328 330 350 357 385 397 425 431 521 532 545 564 567 584 600 603 623 633 645 700 744 755 761 763 797 853 876 898 1017 1018 1129 1279 1305 1316 1361 1385 1446 1454 1503 1533 1648
40 327 336 393 402 408 435 437 466 525 546 560 594 609 628 635 669 716 762 772 801 807 829 847 867 885 890 897 959 1005 1061 1281 1333 1396 1404 1464 1540 1551 1559 1651 1778
39 333 352 389 404 421 422 434 443 456 484 499 541 550 569 636 639 643 683 756 774 864 913 921 963 1108 1297 1347 1375 1393 1449 1470 1550 1607 1615 1638 1665 1793 1868 2436
44 377 395 405 416 417 429 432 462 489 513 530 565 576 597 615 642 644 664 673 680 758 775 803 812 840 875 935 944 988 1006 1031 1112 1318 1337 1378 1474 1486 1601 1629 1653 1690 1773 2149 2936
40 436 446 457 460 479 498 504 515 555 572 610 619 620 648 686 693 713 802 830 834 842 912 923 945 1008 1019 1041 1183 1277 1357 1509 1518 1655 1672 1678 1738 1791 1864 1911 2423
37 445 450 477 487 571 589 590 598 653 670 689 709 710 729 751 815 844 884 905 967 992 1026 1072 1077 1078 1311 1372 1527 1543 1594 1697 1714 1946 1990 2155 2254 4964
38 474 476 502 540 593 605 606 630 662 675 685 715 718 741 777 782 805 831 866 887 958 976 1043 1065 1084 1086 1374 1529 1576 1580 1634 1705 1727 1739 1954 1991 2016 2338
46 482 493 523 528 544 548 563 627 629 663 674 690 734 739 753 778 781 799 838 895 903 904 955 985 1013 1033 1058 1075 1090 1107 1110 1155 1331 1443 1447 1538 1626 1716 1718 1762 1786 1801 1875 2007 2217 2480
48 526 534 551 656 659 676 678 679 684 720 743 789 790 793 798 832 855 861 877 914 917 938 981 982 999 1046 1073 1087 1101 1116 1159 1162 1232 1328 1475 1546 1583 1628 1682 1765 1798 1820 1881 1891 1916 2067 2249 2288
36 552 665 667 682 703 704 740 760 771 800 822 858 863 920 947 1047 1050 1117 1156 1157 1164 1180 1202 1381 1478 1479 1728 1800 1834 1874 1928 2099 2134 2367 2497 6479
42 553 554 701 702 706 721 745 791 794 833 865 907 909 916 922 954 965 998 1054 1057 1063 1161 1169 1190 1200 1208 1251 1432 1481 1500 1514 1685 1731 1811 1930 1943 1967 1981 2041 2157 2291 2504
38 558 570 596 612 626 736 738 780 792 841 848 868 872 911 918 984 1052 1088 1195 1201 1216 1234 1274 1324 1497 1633 1686 1790 1812 1937 1975 2008 2031 2059 2213 2215 2296 2388
37 577 625 654 687 747 750 768 837 851 871 878 881 893 924 986 989 1068 1094 1114 1213 1225 1230 1252 1284 1296 1332 1343 1356 1646 1669 1815 1859 2054 2075 2267 2349 2507
44 586 601 660 698 766 779 784 873 879 883 886 933 974 1003 1023 1029 1070 1122 1135 1221 1224 1231 1240 1246 1273 1334 1335 1362 1384 1455 1506 1703 1841 1877 1939 2088 2094 2105 2119 2170 2380 2406 2518 6627
44 602 666 688 773 785 795 813 888 901 925 943 972 991 997 1002 1034 1044 1056 1102 1103 1137 1142 1173 1265 1286 1291 1366 1388 1463 1501 1510 1857 1869 1878 1947 1957 2093 2123 2189 2273 2386 2431 2528 2786
39 671 726 810 811 817 850 899 902 987 995 1000 1032 1045 1085 1091 1128 1145 1146 1171 1272 1336 1338 1376 1379 1394 1438 1513 1534 1570 1900 1951 1958 2095 2143 2306 2456 2467 2494 2681
46 681 691 724 746 816 839 846 854 874 896 906 908 926 964 1007 1011 1020 1069 1074 1097 1147 1166 1170 1223 1261 1341 1346 1400 1426 1476 1528 1586 1966 1974 1978 2063 2065 2211 2257 2275 2329 2481 2493 2523 2611 2994
44 719 804 862 910 919 927 980 1009 1039 1083 1092 1120 1126 1176 1188 1249 1294 1351 1391 1403 1450 1471 1523 1561 1569 1591 1605 1617 1658 1699 1982 1989 1995 2046 2104 2203 2261 2268 2357 2371 2530 2532 2561 2879
47 820 835 915 928 930 939 941 996 1028 1064 1082 1096 1104 1121 1144 1182 1262 1280 1308 1352 1353 1383 1392 1413 1456 1480 1563 1565 1582 1624 1663 1687 1755 1827 1997 2025 2115 2264 2269 2311 2385 2400 2444 2556 2565 2659 3116
41 929 931 949 956 975 1012 1081 1089 1118 1158 1163 1214 1215 1314 1358 1382 1416 1453 1488 1502 1578 1613 1619 1625 1696 1722 1729 1782 2072 2109 2160 2197 2308 2345 2441 2448 2487 2582 2587 2661 8392
40 934 952 970 971 979 1098 1127 1168 1172 1244 1292 1401 1409 1439 1457 1469 1495 1571 1581 1611 1640 1645 1649 1702 1814 1843 1902 2074 2177 2214 2478 2498 2501 2514 2516 2544 2585 2594 2623 2894
44 957 961 968 1004 1132 1189 1206 1290 1303 1319 1321 1402 1406 1451 1458 1496 1511 1517 1537 1584 1623 1652 1654 1656 1684 1733 1775 1844 1850 1912 2079 2162 2210 2248 2454 2510 2537 2567 2572 2616 2620 2630 2952 3082
50 962 993 994 1014 1016 1025 1042 1131 1133 1138 1149 1151 1174 1193 1194 1207 1218 1226 1233 1256 1320 1371 1405 1418 1452 1461 1494 1504 1530 1536 1598 1606 1710 1732 1743 1803 1910 1922 1953 1979 2174 2250 2282 2302 2360 2393 2505 2634 2783 3024
44 1021 1024 1049 1051 1055 1160 1167 1203 1219 1228 1309 1389 1436 1459 1460 1467 1482 1498 1507 1535 1567 1616 1632 1720 1748 1757 1901 1945 1949 2002 2089 2102 2284 2285 2294 2328 2398 2405 2533 2571 2667 2668 2678 2895
42 1030 1035 1036 1053 1059 1076 1093 1165 1222 1229 1238 1242 1248 1259 1326 1329 1483 1489 1552 1636 1673 1706 1736 1741 1763 1806 1884 1940 1955 1984 1987 1992 2117 2336 2340 2376 2383 2422 2670 2716 2719 2907
43 1037 1038 1066 1080 1095 1178 1198 1243 1245 1253 1258 1269 1302 1349 1360 1490 1553 1661 1664 1713 1719 1780 1823 1970 2023 2035 2073 2081 2172 2190 2363 2392 2427 2434 2559 2627 2703 2712 2737 2781 2791 3143 3595
47 1040 1060 1067 1100 1123 1124 1152 1210 1217 1282 1299 1301 1304 1307 1395 1493 1544 1585 1621 1662 1667 1701 1726 1781 1789 1845 1931 1977 2045 2112 2159 2196 2199 2374 2437 2443 2483 2491 2691 2706 2749 2776 2789 2804 2809 2810 3580
47 1048 1062 1109 1113 1130 1139 1140 1175 1197 1236 1250 1306 1310 1317 1419 1444 1524 1589 1618 1642 1698 1761 1771 1783 1828 1848 1886 1903 2022 2118 2127 2208 2222 2240 2347 2486 2545 2553 2618 2709 2751 2796 2807 2850 2901 2925 3767
48 1125 1134 1143 1148 1192 1220 1239 1241 1276 1293 1300 1322 1342 1344 1354 1423 1427 1526 1548 1630 1650 1721 1742 1774 1819 1830 1832 1840 1858 1906 1941 2026 2047 2180 2317 2356 2366 2566 2597 2626 2718 2731 2778 2814 2911 2942 2956 2980
47 1141 1186 1191 1196 1247 1257 1283 1340 1368 1370 1431 1433 1557 1647 1680 1695 1709 1744 1829 1838 1853 1866 1876 1918 1950 1973 2029 2070 2087 2192 2277 2362 2377 2421 2503 2612 2638 2694 2721 2779 2828 2829 2957 2969 3006 3021 4131
45 1179 1187 1204 1205 1260 1264 1373 1411 1435 1564 1708 1723 1747 1749 1847 1856 1873 1885 1887 2006 2043 2113 2128 2131 2133 2216 2361 2438 2449 2471 2575 2669 2732 2784 2812 2819 2834 2844 2881 2902 2968 3038 3048 3080 5638
40 1267 1278 1325 1390 1412 1414 1420 1477 1516 1532 1694 1724 1754 1796 1870 1879 1892 1894 1905 1927 2108 2110 2164 2259 2319 2344 2455 2458 2461 2529 2579 2729 2848 2862 2904 2959 2985 3057 3107 3232
41 1271 1275 1339 1380 1417 1430 1440 1485 1519 1525 1549 1622 1692 1797 1799 1914 1936 2015 2034 2111 2173 2229 2246 2271 2272 2402 2460 2476 2543 2619 2824 2856 2865 2866 2885 2915 2999 3008 3071 3375 3399
50 1285 1348 1365 1377 1398 1422 1429 1441 1465 1487 1515 1521 1541 1545 1620 1643 1679 1825 1867 1908 1915 1919 1929 1952 1963 2010 2019 2060 2125 2130 2181 2200 2290 2407 2453 2484 2588 2875 2883 2884 2926 2927 2938 2976 2990 3030 3059 3188 3444 7264
51 1312 1330 1407 1410 1421 1442 1462 1505 1542 1547 1555 1603 1668 1671 1849 1880 1920 1933 1934 1948 1968 2014 2185 2187 2206 2219 2224 2226 2227 2292 2420 2473 2488 2492 2598 2605 2621 2628 2655 2831 2896 2953 2962 3015 3041 3045 3062 3074 3106 3279 3504
42 1359 1364 1415 1448 1558 1560 1562 1593 1602 1610 1676 1683 1688 1861 1889 1899 1935 1960 1962 1972 2032 2193 2231 2270 2309 2490 2515 2580 2641 2764 2773 2787 2905 2964 2978 3014 3072 3092 3101 3120 3285 3708
45 1386 1387 1424 1437 1491 1499 1520 1575 1592 1609 1639 1693 1792 1802 1986 1988 2004 2017 2033 2077 2225 2245 2299 2307 2312 2321 2592 2596 2602 2650 2665 2742 2816 2934 2987 2991 3066 3070 3083 3138 3157 3159 3334 3517 4331
45 1408 1425 1468 1492 1531 1554 1588 1600 1604 1657 1689 1730 1767 1837 1971 2020 2040 2044 2056 2080 2082 2151 2251 2256 2278 2327 2333 2379 2639 2662 2676 2702 2871 3002 3022 3081 3098 3111 3148 3161 3173 3366 3381 3386 3818
50 1434 1466 1472 1512 1539 1556 1566 1590 1597 1608 1612 1631 1674 1707 1725 1735 1852 2009 2030 2050 2066 2114 2171 2237 2283 2315 2341 2364 2411 2425 2445 2625 2688 2700 2827 2932 3023 3084 3112 3141 3154 3168 3197 3202 3305 3403 3422 3531 4347 9895
47 1568 1573 1577 1595 1614 1644 1659 1677 1750 1759 1810 1836 1871 1872 2011 2052 2068 2092 2121 2148 2153 2204 2220 2287 2326 2387 2419 2432 2466 2521 2660 2696 2726 2861 2880 2958 3017 3029 3053 3135 3163 3196 3207 3218 3345 3436 6575
46 1572 1574 1599 1660 1670 1675 1681 1740 1760 1770 1777 1882 1883 1980 2021 2062 2076 2120 2165 2235 2300 2324 2447 2564 2684 2723 2733 2898 3032 3087 3097 3140 3165 3208 3214 3224 3226 3349 3355 3404 3472 3540 3555 3634 3748 4361
41 1579 1587 1641 1691 1700 1715 1737 1784 1821 1839 1897 1898 2028 2100 2116 2124 2184 2262 2314 2342 2348 2372 2462 2485 2508 2593 2690 2750 3000 3089 3133 3219 3237 3274 3289 3406 3421 3474 3529 3642 3808
42 1704 1734 1745 1756 1772 1787 1794 1804 1854 1865 1888 1904 1996 2055 2122 2178 2188 2260 2316 2354 2369 2475 2527 2568 2653 2663 2754 2886 2974 2988 3012 3115 3178 3221 3239 3308 3457 3468 3530 3554 3769 4576
39 1711 1712 1751 1758 1795 1822 1895 2001 2061 2071 2078 2132 2183 2276 2325 2370 2390 2404 2413 2424 2540 2549 2631 2692 2714 2727 2792 2798 2910 2997 3031 3052 3093 3200 3257 3328 3467 3570 3810
48 1717 1746 1753 1776 1890 1907 1917 1944 1998 2039 2064 2083 2097 2207 2255 2355 2373 2382 2428 2464 2551 2576 2632 2695 2740 2757 2806 2839 2941 3007 3077 3142 3206 3223 3270 3307 3351 3354 3369 3451 3522 3589 3601 3633 3668 3826 3857 4915
45 1752 1764 1768 1779 1809 1818 1855 1913 1932 2027 2106 2175 2176 2194 2230 2243 2320 2389 2408 2416 2500 2534 2546 2581 2658 2697 2882 2972 3046 3189 3217 3294 3309 3352 3450 3459 3493 3547 3583 3607 3645 3758 3870 3876 3913
46 1769 1788 1805 1816 1835 1863 1923 1961 1994 2057 2129 2136 2142 2233 2280 2289 2397 2412 2463 2502 2520 2615 2645 2704 2708 2821 2869 2899 3056 3068 3222 3230 3296 3358 3374 3424 3447 3478 3527 3649 3652 3663 3829 3901 3952 5107
47 1785 1807 1842 1862 1926 1964 1969 2018 2053 2135 2158 2161 2274 2281 2286 2426 2465 2560 2617 2657 2739 2741 2753 2837 2888 2929 3085 3231 3244 3245 3252 3276 3338 3357 3397 3426 3438 3498 3510 3588 3653 3664 3734 3796 3918 4014 4037
52 1808 1813 1824 1826 1831 1846 1860 1985 2013 2024 2036 2096 2179 2247 2313 2331 2474 2495 2539 2589 2656 2666 2682 2872 2889 2945 2951 2975 3088 3248 3253 3255 3282 3365 3395 3413 3469 3483 3521 3542 3559 3578 3655 3687 3697 3760 3816 3970 4058 4097 4171 5211
53 1817 1833 1893 1896 1909 1976 2000 2003 2037 2048 2058 2126 2195 2232 2238 2298 2303 2318 2337 2509 2513 2522 2548 2577 2610 2671 2893 2949 3004 3125 3162 3204 3261 3263 3337 3433 3497 3523 3526 3538 3572 3577 3586 3614 3706 3710 3719 3868 4063 4111 4184 4188 5885
49 1924 1956 2005 2012 2049 2085 2101 2137 2138 2212 2266 2310 2322 2375 2403 2415 2525 2547 2558 2590 2606 2675 2683 2730 2759 2967 2970 3013 3102 3325 3342 3378 3509 3561 3593 3597 3626 3627 3661 3712 3717 3779 3800 3840 3872 4135 4235 4254 4275
46 1925 1938 1983 2042 2051 2144 2154 2242 2334 2409 2457 2511 2542 2595 2643 2685 2686 2724 2743 2761 2811 2845 2979 3043 3109 3184 3329 3371 3372 3414 3445 3475 3539 3591 3613 3676 3688 3713 3727 3752 3842 3906 3931 3956 4256 4300
52 1942 2069 2140 2141 2147 2166 2167 2201 2279 2301 2433 2435 2470 2477 2499 2552 2629 2646 2647 2699 2780 2790 2800 2939 2982 3026 3034 3047 3113 3129 3293 3394 3485 3564 3566 3600 3624 3691 3699 3729 3848 3859 3909 3940 3946 3957 4268 4339 4353 4364 4418 5193
43 1959 1965 1999 2086 2090 2145 2168 2218 2239 2258 2352 2391 2538 2624 2651 2705 2802 2817 2842 3054 3067 3073 3137 3193 3327 3419 3428 3569 3617 3658 3673 3726 3768 3838 3841 3930 3936 3958 3962 4274 4419 4502 4556
48 2038 2091 2146 2152 2169 2186 2221 2295 2323 2394 2489 2562 2613 2654 2680 2720 2818 2826 2833 2903 2944 3096 3108 3211 3213 3287 3319 3343 3359 3408 3466 3621 3666 3689 3725 3793 3823 3862 3910 3938 3959 3979 3985 4257 4345 4437 4539 4585
49 2098 2139 2182 2198 2205 2228 2236 2339 2346 2359 2410 2541 2601 2679 2689 2725 2760 2808 2825 2852 2877 2887 2973 2981 3152 3250 3271 3370 3376 3400 3473 3535 3549 3615 3714 3738 3739 3749 3943 3988 3993 4026 4287 4352 4354 4461 4512 4605 5921
49 2150 2156 2191 2202 2241 2244 2252 2253 2293 2358 2401 2429 2450 2591 2707 2722 2735 2835 2846 2857 2859 2897 2977 2984 3061 3180 3301 3409 3418 3432 3550 3732 3736 3750 3861 3900 3947 3948 3998 4008 4020 4196 4197 4297 4384 4412 4526 4625 4644
49 2163 2209 2263 2304 2343 2384 2439 2531 2574 2728 2738 2763 2867 2878 2900 2998 3003 3028 3175 3269 3344 3377 3458 3499 3512 3525 3594 3638 3690 3751 3787 3788 3864 3977 3990 3994 3996 4036 4061 4138 4150 4222 4224 4337 4422 4516 4594 4747 6091
47 2223 2234 2265 2297 2305 2335 2353 2395 2468 2536 2687 2771 2774 2799 2891 2913 2923 2935 2946 3010 3063 3220 3368 3437 3461 3552 3571 3596 3718 3737 3761 3789 3809 3874 3935 3995 4000 4012 4075 4228 4237 4518 4540 4586 4635 4678 6491
50 2330 2350 2418 2430 2479 2519 2569 2608 2637 2642 2674 2788 2843 2909 2924 2928 2948 3011 3065 3095 3321 3382 3389 3463 3470 3574 3576 3602 3728 3773 3790 3792 3843 3924 3965 3980 4013 4029 4038 4042 4155 4270 4346 4380 4407 4548 4643 4682 4690 4775
52 2332 2351 2365 2396 2459 2506 2599 2609 2644 2744 2745 2748 2794 2832 2892 2931 2943 2947 3020 3078 3094 3132 3390 3401 3464 3567 3639 3641 3723 3740 3776 3822 3853 3915 3933 3966 4022 4039 4105 4271 4291 4381 4411 4479 4532 4600 4680 4685 4707 4708 4821 5255
49 2368 2378 2381 2399 2469 2482 2524 2555 2622 2673 2762 2797 2917 2919 2955 2986 3055 3110 3121 3124 3127 3136 3246 3441 3495 3568 3599 3650 3754 3852 3916 3964 3967 4007 4016 4041 4108 4319 4320 4367 4369 4490 4552 4592 4699 4712 4789 4916 5410
52 2414 2417 2442 2472 2526 2535 2664 2677 2710 2747 2770 2801 2937 2960 2989 3018 3035 3058 3131 3146 3147 3199 3393 3446 3477 3514 3605 3657 3799 3805 3820 3824 3869 3928 3945 3969 4024 4121 4176 4255 4326 4360 4517 4561 4590 4674 4714 4762 4793 4871 4901 9604
49 2440 2452 2496 2512 2570 2573 2578 2633 2701 2755 2775 2782 2838 2853 2961 3069 3086 3105 3134 3174 3251 3284 3508 3609 3616 3662 3747 3880 3973 3976 3999 4056 4073 4102 4133 4173 4210 4267 4366 4416 4459 4531 4580 4584 4683 4767 4875 4962 9154
53 2446 2517 2550 2554 2557 2583 2614 2640 2746 2768 2840 2868 2873 2920 2983 3090 3130 3144 3176 3191 3228 3241 3290 3317 3449 3585 3646 3672 3677 3814 3884 3885 3890 4023 4086 4142 4154 4198 4203 4206 4209 4242 4336 4449 4450 4571 4615 4619 4695 4698 4771 4978 5208
47 2563 2586 2604 2649 2693 2715 2752 2756 2841 2908 2950 3037 3100 3156 3166 3194 3273 3277 3303 3356 3416 3674 3692 3837 3886 3891 4010 4035 4143 4208 4216 4225 4253 4265 4462 4468 4505 4631 4646 4666 4702 4735 4791 4832 4881 4977 5273
51 2584 2607 2636 2648 2711 2736 2767 2815 2860 2912 2918 2992 3040 3079 3122 3158 3167 3192 3229 3262 3286 3298 3310 3360 3415 3502 3507 3684 3786 3895 3960 4027 4159 4211 4220 4233 4269 4283 4296 4409 4485 4510 4664 4688 4746 4798 4811 4820 4866 4963 5002
52 2600 2635 2652 2698 2765 2766 2769 2906 2914 2916 2966 3001 3019 3103 3114 3151 3185 3205 3212 3215 3234 3280 3313 3314 3453 3686 3700 3721 3753 3897 3927 3939 4043 4070 4187 4202 4234 4245 4324 4342 4362 4463 4593 4608 4681 4827 4895 4897 4923 4965 5033 5178
49 2603 2672 2713 2777 2785 2813 2930 3033 3049 3164 3182 3242 3254 3300 3304 3315 3364 3434 3435 3456 3543 3695 3730 3759 3801 3806 3894 3961 3971 4054 4085 4103 4261 4285 4301 4308 4403 4426 4613 4624 4721 4840 4841 4872 4913 4940 4956 5065 5284
55 2717 2734 2772 2793 2836 2847 2876 2933 2965 2971 3009 3036 3091 3170 3195 3275 3297 3320 3330 3379 3392 3402 3454 3484 3488 3584 3771 3778 3807 3828 3888 3896 3978 4033 4051 4094 4162 4299 4305 4330 4333 4427 4439 4537 4663 4733 4783 4877 4890 4947 4998 5007 5269 5320 5698
45 2758 2795 2855 2858 2963 3005 3050 3118 3186 3203 3243 3336 3340 3398 3407 3490 3515 3622 3705 3812 3849 3889 3920 3963 4059 4118 4357 4359 4405 4429 4445 4484 4620 4651 4705 4741 4884 4936 4954 4961 5021 5042 5044 5392 9478
45 2803 2874 2940 3027 3051 3126 3139 3225 3272 3281 3299 3341 3362 3430 3494 3548 3629 3819 3923 3926 3942 3983 4074 4106 4146 4191 4372 4399 4451 4464 4491 4508 4528 4536 4558 4729 4790 4848 4905 4908 4973 4981 5029 5054 5453
50 2805 2823 2830 2864 2890 2954 3044 3064 3099 3150 3177 3238 3266 3267 3318 3326 3335 3348 3388 3427 3431 3545 3563 3635 3685 3941 4011 4072 4080 4109 4129 4149 4164 4389 4404 4441 4499 4554 4563 4569 4850 4907 4959 4984 4995 5032 5050 5204 5418 7649
51 2822 2851 2921 2922 2996 3025 3060 3149 3172 3201 3259 3278 3291 3292 3332 3346 3417 3420 3429 3480 3481 3487 3506 3546 3553 3795 3817 3879 3944 4090 4112 4113 4125 4207 4321 4406 4475 4498 4513 4572 4606 4626 4675 4780 4927 5092 5215 5216 5227 5240 5486
57 2849 2993 3075 3076 3119 3169 3181 3264 3268 3283 3323 3331 3347 3439 3465 3489 3500 3532 3544 3565 3603 3631 3637 3798 3839 3974 4045 4098 4120 4139 4157 4226 4240 4438 4453 4482 4541 4595 4604 4709 4731 4744 4781 4912 4920 4979 4993 4999 5009 5091 5101 5110 5161 5231 5275 5280 5517
50 2870 3039 3042 3104 3128 3198 3235 3295 3306 3350 3373 3410 3443 3479 3486 3513 3520 3604 3606 3743 3834 3846 3893 4032 4128 4148 4167 4232 4244 4365 4534 4557 4596 4618 4649 4668 4686 4755 4810 4932 5016 5158 5184 5196 5256 5257 5285 5365 5561 6207
45 2995 3117 3123 3171 3210 3260 3316 3333 3367 3380 3391 3405 3528 3556 3608 3670 3794 3975 3981 4160 4161 4177 4213 4258 4310 4492 4496 4609 4653 4670 4711 4770 4772 4816 4971 5011 5017 5173 5221 5276 5294 5317 5361 5398 5644
53 3016 3145 3179 3209 3258 3302 3322 3396 3411 3412 3541 3558 3610 3625 3647 3648 3675 3678 3742 3835 3955 3982 4019 4081 4179 4180 4215 4218 4276 4280 4312 4328 4340 4570 4654 4719 4725 4806 4849 4859 5019 5039 5120 5180 5225 5261 5344 5372 5374 5375 5432 5470 5666
50 3153 3187 3216 3312 3324 3385 3442 3455 3518 3537 3560 3573 3587 3644 3651 3654 3774 3785 3791 3850 3863 4002 4092 4100 4199 4230 4288 4378 4414 4434 4470 4623 4656 4778 4846 4863 4876 4982 5025 5085 5155 5232 5300 5305 5337 5386 5402 5473 5591 5707
44 3155 3183 3190 3247 3288 3339 3383 3462 3503 3536 3557 3619 3667 3683 3797 3989 4079 4132 4277 4317 4332 4335 4421 4493 4669 4704 4706 4752 4854 4894 4899 5088 5099 5234 5316 5342 5380 5391 5430 5466 5481 5507 5551 5674
50 3233 3240 3265 3361 3460 3471 3476 3524 3575 3612 3620 3669 3711 3724 3784 3802 3813 3825 4021 4101 4136 4147 4294 4343 4351 4373 4424 4448 4509 4525 4555 4738 4742 4786 4860 4939 4968 5089 5140 5243 5286 5359 5459 5471 5489 5491 5562 5618 5738 9600
45 3236 3353 3425 3482 3501 3505 3534 3582 3623 3671 3680 3715 3745 3865 3882 3892 3986 4028 4127 4153 4284 4295 4368 4410 4488 4522 4538 4648 4763 4826 4853 4861 4886 5004 5145 5172 5217 5319 5358 5408 5513 5635 5681 5723 6090
51 3249 3256 3452 3519 3579 3598 3682 3696 3702 3703 3722 3731 3741 3770 3777 3905 3908 3925 4031 4140 4178 4212 4293 4316 4371 4420 4471 4477 4549 4610 4614 4740 4787 4819 4911 4928 5034 5061 5190 5341 5437 5452 5515 5521 5526 5527 5548 5559 5621 5690 5823
47 3363 3384 3492 3533 3551 3618 3640 3681 3707 3716 3733 3746 3755 3780 3803 3887 4003 4040 4047 4064 4223 4375 4382 4383 4417 4546 4578 4645 4800 4812 4837 4879 4972 5047 5078 5141 5203 5363 5445 5536 5543 5569 5633 5712 5774 5789 5953
54 3387 3423 3491 3496 3630 3643 3659 3694 3701 3735 3744 3757 3762 3783 3821 3912 4017 4025 4062 4095 4124 4262 4266 4376 4379 4402 4423 4515 4551 4637 4676 4693 4814 4815 4836 4842 4924 4987 5087 5094 5143 5250 5381 5449 5538 5549 5582 5586 5609 5717 5779 5851 5970 6014
48 3440 3448 3516 3562 3592 3656 3679 3693 3763 3764 3804 3830 3871 3934 4044 4055 4110 4130 4163 4272 4344 4401 4425 4430 4598 4602 4700 4727 4838 4847 4868 4946 4991 5111 5164 5264 5364 5469 5494 5558 5560 5575 5593 5650 5667 5729 5836 5987
50 3511 3581 3611 3628 3665 3698 3782 3836 3847 3854 3858 3904 3984 4004 4134 4137 4158 4168 4243 4428 4511 4591 4603 4633 4713 4723 4737 4756 4865 5003 5038 5043 5060 5139 5165 5194 5328 5518 5571 5599 5615 5629 5660 5678 5736 5787 5849 5928 6017 6172
52 3590 3632 3704 3765 3772 3781 3811 3844 3845 3851 3881 3907 3917 4015 4048 4083 4145 4190 4201 4290 4334 4440 4547 4583 4617 4743 4748 4750 4843 4893 4902 5013 5098 5103 5179 5271 5321 5338 5339 5468 5589 5624 5649 5665 5685 5795 5845 5859 5877 5897 5988 6051
53 3636 3660 3709 3756 3815 3827 3855 3866 3898 3919 3949 3997 4069 4076 4089 4117 4174 4193 4204 4281 4292 4431 4456 4582 4599 4601 4761 4776 4839 4862 4934 5026 5123 5131 5205 5267 5283 5414 5544 5576 5625 5657 5677 5702 5711 5734 5780 5844 5870 5930 5991 6061 6164
48 3720 3775 3833 3856 3867 3899 3903 3951 4001 4005 4030 4116 4185 4194 4229 4241 4306 4374 4435 4519 4564 4658 4667 4779 4829 4845 4955 4970 5001 5150 5236 5242 5288 5335 5458 5572 5641 5676 5686 5715 5725 5728 5805 5907 5915 5950 6065 8194
52 3766 3831 3832 3860 3873 3914 3932 3953 3954 3992 4009 4018 4082 4093 4126 4175 4205 4221 4263 4289 4341 4443 4504 4520 4696 4749 4813 4851 4883 5027 5037 5056 5154 5186 5246 5272 5362 5421 5554 5616 5684 5709 5719 5747 5809 5918 5948 5960 6008 6012 6088 6135
44 3875 3877 3878 3911 3921 3950 4034 4046 4053 4096 4104 4247 4325 4363 4413 4444 4489 4533 4565 4612 4855 5040 5081 5199 5212 5295 5331 5389 5431 5444 5563 5607 5651 5722 5764 5776 5812 5813 5864 6029 6038 6055 6121 9556
49 3883 3902 3929 3937 3968 3972 4006 4050 4067 4084 4144 4152 4181 4183 4251 4264 4388 4460 4497 4544 4579 4684 4882 4914 4918 4930 4992 5067 5072 5114 5252 5340 5357 5393 5399 5605 5620 5626 5710 5735 5765 5819 5882 5926 6059 6074 6133 6173 6202
48 3922 3987 4123 4156 4192 4231 4273 4282 4315 4348 4370 4396 4500 4542 4577 4652 4687 4689 4822 4919 4925 4943 5073 5076 5174 5287 5385 5394 5415 5573 5602 5623 5656 5663 5743 5753 5785 5792 5824 5872 5936 5937 5985 6011 6094 6142 6159 6301
49 3991 4068 4091 4151 4165 4227 4252 4278 4298 4302 4350 4385 4387 4432 4527 4641 4647 4657 4728 4823 4825 4985 4986 5006 5095 5104 5187 5239 5419 5422 5463 5627 5640 5745 5754 5762 5788 5873 5932 5946 5996 6002 6013 6022 6028 6149 6179 6216 7911
45 4049 4057 4071 4088 4186 4200 4250 4304 4307 4313 4356 4446 4630 4638 4665 4679 4720 4782 4835 5000 5015 5048 5075 5122 5191 5248 5447 5464 5487 5594 5617 5630 5697 5814 5888 5981 5995 6040 6041 6052 6157 6235 6240 6371 6413
44 4052 4060 4066 4099 4195 4248 4309 4314 4355 4377 4457 4483 4691 4726 4732 4785 4833 5024 5063 5093 5132 5152 5202 5214 5270 5299 5426 5479 5498 5628 5631 5672 5750 5807 5871 5892 5902 6019 6053 6068 6161 6184 6189 6246
50 4065 4077 4114 4115 4166 4169 4214 4219 4239 4249 4286 4323 4358 4452 4465 4521 4524 4550 4774 4792 4818 4873 4952 5080 5108 5135 5220 5259 5268 5373 5484 5485 5495 5636 5655 5825 5858 5866 5922 5961 6066 6076 6080 6136 6141 6169 6217 6266 6271 6405
47 4078 4107 4119 4122 4170 4217 4259 4311 4386 4391 4393 4394 4395 4454 4545 4559 4831 4844 4869 4892 5118 5198 5219 5230 5332 5346 5409 5443 5493 5565 5688 5708 5778 5891 5893 5920 5933 5992 6070 6077 6103 6153 6203 6264 6279 6441 7641
47 4141 4182 4236 4238 4279 4400 4408 4472 4478 4562 4575 4724 4856 4857 4864 4898 4906 5162 5249 5265 5306 5356 5505 5539 5567 5614 5692 5733 5773 5799 5853 5923 5929 5979 6031 6047 6067 6071 6086 6139 6181 6222 6269 6320 6480 6511 6588
45 4172 4189 4246 4303 4318 4415 4436 4474 4486 4487 4566 4588 4694 4888 4921 4988 5018 5083 5200 5330 5378 5531 5622 5642 5775 5816 5931 5980 6004 6023 6081 6089 6101 6108 6196 6201 6251 6293 6303 6305 6325 6390 6496 6537 6614
48 4260 4327 4442 4455 4476 4495 4514 4530 4589 4640 4703 4736 4874 4929 4941 4990 5100 5137 5289 5347 5367 5379 5450 5477 5541 5643 5662 5806 5827 5927 5977 6020 6034 6095 6109 6116 6126 6209 6248 6260 6308 6311 6332 6377 6442 6546 6576 6632
52 4322 4338 4349 4458 4480 4507 4529 4553 4597 4621 4628 4692 4758 4799 4828 4938 4945 5064 5106 5192 5291 5352 5417 5427 5428 5504 5519 5546 5590 5652 5810 5841 5957 5986 6035 6043 6107 6118 6131 6239 6254 6289 6316 6324 6327 6358 6360 6404 6447 6498 6513 6787
48 4390 4392 4481 4535 4560 4567 4627 4639 4642 4672 4809 4858 4880 4900 4958 4997 5010 5059 5096 5124 5281 5405 5438 5497 5540 5577 5648 5737 5741 5899 6054 6064 6083 6122 6158 6241 6273 6317 6335 6339 6356 6397 6435 6542 6561 6587 6596 7555
45 4397 4398 4503 4573 4587 4622 4673 4722 4734 4885 4953 5023 5028 5036 5169 5175 5282 5441 5451 5578 5581 5606 5646 5695 5718 5746 5755 5880 6039 6087 6132 6140 6144 6194 6281 6290 6366 6415 6431 6490 6524 6564 6598 6625 6804
43 4433 4543 4574 4581 4607 4629 4636 4677 4716 4745 4889 5012 5035 5045 5290 5420 5579 5611 5689 5716 5720 5727 5790 5884 5989 6058 6110 6165 6243 6259 6342 6355 6408 6465 6495 6503 6573 6626 6633 6639 6647 6737 6830
46 4447 4466 4568 4616 4632 4650 4655 4697 4730 4788 4931 5053 5055 5070 5279 5292 5297 5442 5600 5664 5691 5730 5842 5943 5958 5982 6045 6106 6127 6193 6219 6247 6314 6370 6391 6420 6467 6478 6499 6506 6533 6637 6650 6656 6680 6835
43 4467 4469 4473 4501 4611 4634 4660 4710 4718 4795 4942 4948 4969 5058 5068 5071 5304 5309 5327 5488 5701 5731 5956 6009 6050 6104 6120 6195 6199 6232 6270 6297 6333 6383 6455 6489 6501 6517 6532 6654 6663 6730 6906
42 4494 4662 4701 4715 4739 4784 4887 4903 4950 5074 5090 5119 5121 5311 5314 5395 5411 5732 5752 5758 5808 5971 6078 6079 6124 6146 6285 6346 6373 6381 6458 6477 6534 6569 6577 6667 6673 6722 6732 6755 6810 8114
47 4523 4661 4671 4717 4757 4777 4817 4975 5052 5084 5133 5142 5146 5189 5329 5404 5530 5533 5761 5767 5786 5820 5924 5978 6048 6119 6249 6307 6336 6349 6372 6443 6536 6541 6579 6583 6619 6631 6660 6751 6762 6776 6783 6784 6806 6843 7010
45 4751 4769 4802 4834 4867 4976 5079 5105 5159 5183 5222 5238 5382 5429 5480 5568 5592 5766 5782 5800 5804 5962 5972 6075 6170 6180 6204 6288 6315 6394 6401 6525 6548 6560 6602 6636 6661 6704 6761 6798 6821 6823 6865 6898 9577
52 4753 4754 4766 4773 4794 4824 4909 4917 4926 4983 5020 5022 5102 5157 5163 5168 5235 5277 5278 5322 5350 5397 5550 5601 5603 5770 5817 5833 5839 6006 6072 6111 6220 6223 6326 6343 6387 6468 6514 6526 6568 6592 6593 6659 6662 6709 6832 6833 6842 6942 6952 7021
52 4759 4765 4797 4807 4870 4896 4910 4933 5005 5066 5116 5125 5167 5170 5274 5293 5366 5384 5412 5661 5768 5834 5840 5848 5854 5947 6100 6134 6282 6302 6306 6334 6396 6400 6469 6529 6549 6589 6608 6642 6688 6713 6818 6838 6867 6881 6932 6947 6955 6974 7134 7577
49 4760 4764 4796 4803 4937 4966 4996 5051 5117 5126 5138 5171 5176 5301 5315 5390 5413 5425 5647 5694 5791 5803 5847 5869 5909 5993 5994 6147 6156 6323 6353 6365 6403 6417 6487 6505 6527 6558 6571 6604 6679 6702 6717 6883 6960 6969 7049 7162 9860
48 4768 4801 4805 4808 4944 4957 5031 5082 5144 5148 5166 5177 5223 5253 5343 5355 5403 5434 5440 5501 5699 5811 5830 5852 5874 5894 6024 6044 6166 6226 6376 6438 6476 6512 6528 6605 6645 6691 6694 6745 6828 6901 6916 7002 7004 7050 7063 7207
52 4804 4830 4878 4922 4951 4980 5041 5086 5151 5182 5188 5201 5228 5296 5302 5369 5406 5407 5490 5509 5514 5547 5781 5828 5890 5974 5998 6026 6063 6174 6175 6350 6384 6466 6492 6555 6641 6700 6723 6733 6769 6782 6797 6907 6920 6921 7008 7066 7153 7187 7194 7456
48 4852 4904 4974 4989 5069 5097 5109 5156 5181 5210 5218 5312 5401 5474 5508 5584 5704 5793 5818 5905 5963 6010 6060 6143 6182 6208 6338 6418 6494 6611 6678 6682 6685 6734 6771 6774 6799 6887 6899 6909 6929 6972 6988 7029 7094 7165 7215 7234
49 4891 4935 4949 4994 5112 5128 5129 5207 5224 5229 5244 5303 5353 5376 5396 5433 5439 5496 5506 5597 5763 5913 6018 6082 6114 6192 6213 6228 6345 6362 6432 6471 6617 6689 6695 6736 6739 6777 6788 6801 6825 6840 6943 7048 7089 7100 7178 7260 7272
53 4960 4967 5008 5014 5077 5113 5115 5153 5206 5226 5251 5298 5307 5323 5360 5457 5502 5510 5659 5687 5906 5951 5964 6025 6098 6137 6253 6272 6291 6321 6380 6439 6518 6607 6628 6712 6725 6768 6803 6805 6831 6848 6852 6858 6986 7090 7106 7107 7123 7246 7270 7315 7319
47 5030 5049 5127 5209 5258 5308 5313 5318 5348 5351 5424 5512 5523 5749 5904 5983 6085 6115 6129 6145 6375 6388 6414 6451 6462 6521 6530 6621 6649 6758 6759 6775 6789 6834 6855 6880 6886 6911 7019 7119 7121 7125 7152 7156 7174 7294 7326
46 5046 5057 5130 5134 5185 5263 5333 5349 5368 5435 5446 5556 5570 5637 5769 5802 6033 6138 6176 6298 6378 6433 6450 6539 6594 6653 6714 6760 6792 6827 6839 6853 6870 6896 6903 6913 6981 7052 7154 7164 7166 7192 7214 7322 7341 7688
41 5062 5136 5195 5233 5237 5345 5400 5416 5423 5436 5499 5542 5587 5596 5639 5700 5821 5822 5856 5862 6171 6178 6187 6337 6398 6448 6545 6565 6724 6802 6863 6875 6894 6917 7055 7074 7220 7223 7261 7348 7368
40 5147 5149 5197 5213 5241 5245 5448 5460 5478 5580 5610 5670 5739 5742 5838 5843 5975 6183 6191 6206 6224 6352 6399 6426 6453 6629 6757 6807 6850 6877 6884 6900 6923 6926 6957 7101 7128 7280 7362 7364
38 5160 5247 5310 5456 5461 5516 5522 5619 5682 5748 5757 5861 5879 5911 6210 6238 6252 6310 6406 6457 6483 6502 6540 6591 6644 6861 6904 6905 6934 6964 7034 7073 7140 7281 7332 7371 7399 7417
47 5254 5260 5262 5324 5334 5377 5387 5462 5520 5525 5585 5683 5759 5760 5772 5878 5900 6037 6069 6287 6354 6367 6368 6429 6484 6508 6510 6624 6670 6837 6924 6937 6987 7017 7092 7137 7139 7197 7228 7287 7289 7354 7386 7413 7422 7460 7492
54 5266 5325 5326 5336 5354 5467 5472 5476 5545 5574 5598 5654 5671 5693 5706 5783 5784 5850 5887 5916 5935 5976 6015 6163 6185 6296 6318 6386 6460 6544 6601 6692 6696 6698 6706 6938 6939 6949 6984 7041 7057 7067 7169 7224 7252 7301 7303 7306 7376 7396 7424 7470 7471 7502
48 5370 5383 5475 5483 5566 5583 5612 5696 5714 5796 5860 5863 5925 5969 6084 6188 6225 6385 6434 6449 6454 6486 6552 6665 6684 6701 6719 6726 6841 6940 6946 6953 6958 7023 7027 7064 7085 7113 7182 7255 7339 7342 7411 7435 7474 7478 7534 7936
42 5371 5388 5482 5492 5511 5534 5632 5658 5680 5705 5724 5726 5875 6027 6097 6215 6357 6456 6581 6582 6716 6721 6743 6786 6930 6962 6965 6967 7051 7095 7145 7204 7263 7360 7440 7453 7457 7463 7517 7521 7533 7540
44 5455 5465 5500 5503 5528 5529 5553 5555 5713 5744 5857 5896 6036 6049 6160 6162 6230 6263 6364 6515 6585 6612 6646 6741 6742 6846 6851 6963 6968 7003 7070 7127 7143 7168 7250 7302 7444 7445 7477 7490 7518 7537 7559 7996
49 5524 5532 5537 5613 5653 5797 5867 5901 6057 6099 6112 6167 6221 6233 6256 6574 6586 6648 6693 6697 6728 6735 6749 6772 6895 6977 6991 7013 7040 7079 7083 7098 7160 7170 7193 7254 7269 7389 7454 7461 7480 7486 7505 7508 7520 7542 7568 7593 7690
48 5535 5557 5564 5668 5826 5829 5855 5883 6000 6007 6128 6186 6236 6267 6268 6572 6590 6672 6674 6705 6763 6780 6809 6811 6836 6873 6945 6998 7044 7053 7069 7093 7103 7141 7198 7211 7391 7451 7465 7498 7512 7523 7524 7544 7553 7608 7652 8311
44 5552 5588 5595 5608 5669 5751 5794 5868 5912 6205 6212 6218 6244 6276 6277 6409 6606 6707 6773 6829 6892 6908 6996 7001 7018 7081 7129 7133 7208 7225 7226 7266 7274 7434 7469 7551 7583 7595 7602 7631 7654 7655 7718 8465
48 5604 5645 5673 5675 5815 5895 5910 5940 5949 5990 6105 6274 6280 6300 6312 6329 6412 6609 6651 6800 6813 6878 6915 7005 7007 7012 7033 7072 7102 7155 7181 7189 7200 7241 7283 7293 7420 7452 7501 7600 7601 7604 7617 7618 7677 7697 7722 7747
48 5634 5703 5721 5777 5846 5934 5945 6150 6177 6286 6295 6328 6331 6344 6436 6666 6711 6814 6849 6862 6882 6941 6948 7025 7035 7058 7075 7124 7146 7159 7172 7210 7231 7248 7262 7285 7311 7497 7562 7567 7616 7683 7705 7726 7729 7741 7756 8351
48 5740 5881 5886 5965 5968 5999 6005 6016 6168 6299 6309 6359 6361 6472 6473 6708 6856 6893 6914 6927 6951 6954 7043 7056 7088 7099 7126 7167 7184 7196 7217 7221 7314 7325 7372 7398 7530 7619 7644 7647 7713 7717 7730 7731 7764 7772 7774 8909
44 5756 5771 5798 5898 5903 5917 5997 6032 6046 6211 6304 6341 6369 6393 6446 6522 6531 6715 6820 6918 6976 6989 6993 7032 7077 7112 7118 7171 7206 7218 7273 7333 7350 7366 7403 7425 7565 7658 7659 7666 7687 7738 7775 7796
43 5801 5837 5865 5938 5942 6030 6073 6102 6123 6231 6389 6411 6523 6535 6567 6872 6997 6999 7000 7104 7114 7199 7212 7236 7271 7292 7357 7373 7446 7504 7535 7548 7594 7669 7711 7746 7770 7788 7789 7801 7805 7806 7820
46 5832 5876 5889 5908 5967 6092 6113 6125 6242 6292 6395 6419 6538 6550 6553 6584 6615 6690 7009 7059 7130 7237 7265 7276 7307 7310 7353 7365 7410 7428 7433 7476 7547 7570 7582 7657 7665 7714 7754 7791 7804 7817 7837 7839 7885 7887
44 5835 5914 6003 6117 6152 6255 6262 6410 6427 6437 6470 6547 6559 6630 6675 6824 6860 7036 7037 7039 7068 7076 7150 7157 7233 7238 7290 7378 7437 7438 7447 7479 7495 7599 7627 7686 7734 7807 7810 7841 7850 7886 7908 8265
42 5919 5939 5941 5944 5984 6151 6155 6237 6275 6322 6348 6452 6500 6519 6551 6562 6652 6740 6750 7046 7071 7082 7091 7188 7213 7242 7247 7298 7363 7385 7499 7500 7506 7640 7716 7736 7749 7799 7843 7852 7854 7899
34 5952 5966 6234 6245 6278 6379 6485 6554 6616 6622 6676 6686 6744 6764 6795 6847 7062 7097 7105 7108 7257 7258 7312 7431 7507 7550 7780 7818 7827 7856 7861 7903 7907 7917
38 5955 5973 6093 6250 6258 6283 6313 6402 6516 6566 6634 6727 6738 6793 6854 6912 6979 7117 7122 7195 7267 7282 7288 7321 7388 7510 7563 7571 7786 7797 7857 7858 7900 7921 7934 7947 7997 8696
37 5959 6001 6154 6200 6265 6284 6382 6421 6459 6464 6618 6643 6747 6866 6971 7131 7135 7275 7300 7308 7344 7491 7514 7573 7624 7634 7646 7814 7862 7868 7895 7923 7926 7965 7978 8009 9403
40 6021 6062 6190 6294 6351 6444 6481 6580 6681 6731 6752 6815 6874 7024 7163 7209 7268 7284 7328 7336 7346 7493 7515 7546 7578 7585 7684 7685 7762 7825 7892 7897 7902 7930 7938 7970 8037 8062 8151 9697
43 6042 6056 6197 6214 6347 6363 6374 6407 6493 6520 6556 6658 6753 6817 6826 6978 7038 7190 7243 7330 7340 7355 7429 7443 7532 7556 7558 7591 7628 7632 7710 7783 7819 7904 7905 7933 7951 7966 8061 8068 8096 8385 9558
43 6096 6198 6227 6257 6392 6416 6445 6504 6600 6703 6822 6859 6902 6919 6944 7045 7291 7305 7334 7345 7370 7400 7459 7554 7557 7564 7615 7626 7635 7732 7821 7913 7945 7956 7967 7968 8011 8060 8070 8092 8167 8180 8307
42 6130 6229 6261 6319 6425 6463 6474 6509 6563 6623 6710 6754 6990 7061 7078 7304 7352 7374 7377 7404 7509 7586 7587 7622 7656 7673 7779 7823 7826 7874 7920 7954 7963 7972 7991 8018 8024 8110 8132 8216 8314 8470
41 6330 6461 6475 6482 6578 6620 6657 6746 6779 6876 6994 7110 7111 7202 7387 7407 7432 7525 7549 7560 7588 7620 7623 7630 7676 7808 7813 7832 7879 7940 7977 7987 7998 8002 8077 8105 8187 8195 8225 8360 8618
52 6340 6423 6488 6497 6557 6595 6597 6635 6655 6664 6677 6699 6765 6816 6985 7022 7142 7316 7390 7401 7409 7419 7423 7450 7531 7589 7596 7612 7681 7692 7733 7829 7834 7848 7943 7959 7964 8010 8014 8030 8032 8043 8081 8146 8164 8228 8236 8240 8317 8387 8443 9346
36 6424 6543 6603 6640 6669 6687 6718 6766 6794 6966 7028 7227 7278 7393 7415 7455 7466 7522 7645 7663 7682 7696 7700 7737 7836 7961 7971 8021 8045 8058 8084 8100 8165 8268 8395 9941
47 6428 6430 6570 6610 6671 6720 6748 6756 6767 6819 6922 7016 7054 7240 7349 7462 7472 7484 7503 7651 7701 7702 7725 7739 7750 7803 7881 7889 7975 7999 8016 8048 8054 8065 8075 8088 8104 8112 8117 8174 8197 8270 8290 8298 8479 8548 8636
45 6440 6507 6613 6638 6668 6683 6770 6778 6790 6844 6868 7065 7296 7317 7356 7405 7473 7536 7672 7706 7712 7740 7757 7758 7763 7778 7898 8023 8028 8034 8056 8059 8069 8079 8101 8127 8136 8192 8202 8218 8272 8353 8374 8409 8629
40 6599 6729 6785 6857 6864 6869 6995 7086 7087 7116 7185 7338 7369 7468 7597 7598 7610 7753 7766 7776 7792 7795 7888 7994 8041 8064 8071 8102 8126 8160 8179 8203 8219 8241 8244 8305 8402 8514 8631 8670
41 6781 6791 6796 6871 6889 6910 6925 7026 7144 7149 7201 7203 7347 7361 7483 7580 7614 7661 7680 7761 7785 7809 7831 7853 7909 7912 7932 8082 8086 8091 8113 8157 8169 8243 8247 8363 8376 8412 8589 8640 8694
44 6808 6812 6845 6879 6888 6890 6928 6935 6936 6961 7011 7060 7147 7151 7191 7299 7379 7513 7592 7629 7664 7709 7767 7771 7816 7830 7844 7924 8029 8087 8095 8098 8163 8188 8252 8275 8302 8416 8501 8539 8583 8596 8682 8945
44 6885 6891 6897 6931 6959 6970 6973 7020 7120 7158 7239 7359 7392 7489 7526 7660 7670 7703 7727 7802 7811 7838 7846 7859 7893 7962 8031 8051 8107 8138 8156 8173 8229 8287 8306 8343 8393 8484 8522 8574 8619 8683 8753 8771
36 6933 6950 6956 6980 6983 7042 7176 7249 7327 7375 7406 7541 7561 7605 7671 7693 7743 7765 7815 7824 7860 7882 8116 8119 8133 8161 8181 8209 8308 8323 8485 8487 8585 8715 8784 8964
53 6975 6982 6992 7014 7084 7161 7177 7180 7232 7259 7381 7408 7412 7441 7572 7675 7691 7745 7748 7812 7835 7847 7863 7873 7877 7884 7919 7948 8007 8129 8135 8139 8155 8171 8186 8198 8199 8208 8212 8280 8312 8326 8382 8408 8433 8510 8515 8516 8542 8731 8743 8744 8799
44 7006 7015 7030 7109 7230 7253 7279 7436 7464 7467 7607 7755 7784 7869 7875 7876 7906 7928 7939 7941 7949 7953 8035 8140 8148 8158 8196 8230 8233 8300 8301 8340 8342 8344 8388 8520 8533 8535 8555 8582 8750 8768 8805 9138
44 7031 7047 7115 7173 7183 7244 7286 7488 7538 7621 7777 7800 7891 7925 7935 7942 7950 7973 8038 8109 8124 8168 8175 8190 8210 8217 8221 8259 8271 8303 8304 8354 8357 8405 8411 8427 8527 8554 8559 8658 8749 8770 8816 9163
38 7080 7096 7148 7219 7295 7331 7383 7430 7637 7650 7679 7790 7870 7955 7958 7983 7989 8008 8015 8066 8189 8200 8226 8269 8276 8313 8359 8428 8449 8456 8556 8567 8637 8660 8774 8819 8879 9018
40 7132 7175 7216 7222 7251 7309 7323 7351 7367 7416 7482 7581 7668 7751 7840 7872 7927 7990 8020 8115 8137 8223 8242 8283 8288 8291 8321 8331 8361 8380 8451 8576 8606 8672 8695 8708 8776 8782 8887 9212
42 7136 7179 7235 7329 7358 7384 7394 7397 7442 7485 7715 7768 7866 7916 7981 7993 8004 8013 8047 8089 8094 8149 8254 8279 8295 8310 8333 8336 8379 8397 8430 8467 8508 8622 8632 8633 8685 8712 8792 8880 8898 8932
43 7138 7186 7205 7245 7335 7449 7458 7475 7519 7528 7667 7719 7769 7878 7931 8005 8025 8040 8055 8067 8106 8142 8185 8319 8367 8403 8444 8457 8473 8474 8557 8635 8648 8729 8736 8779 8810 8830 8891 8895 8918 8941 9204
49 7229 7256 7297 7313 7343 7380 7481 7516 7543 7603 7721 7773 7842 7880 7960 7988 8001 8042 8122 8131 8144 8145 8191 8231 8248 8255 8329 8341 8362 8370 8396 8419 8429 8452 8521 8531 8647 8690 8706 8738 8772 8893 8916 8928 8959 8978 9015 9255 9438
49 7277 7320 7324 7395 7402 7487 7496 7575 7723 7728 7845 7896 7980 8000 8123 8147 8153 8159 8206 8222 8278 8332 8334 8338 8348 8355 8373 8401 8414 8420 8459 8524 8570 8600 8626 8664 8716 8739 8742 8747 8763 8823 8935 8953 8986 9003 9071 9109 9307
47 7318 7337 7421 7552 7579 7625 7742 7752 7865 7910 7915 8022 8036 8150 8213 8214 8215 8260 8284 8296 8337 8371 8378 8422 8425 8461 8491 8495 8496 8525 8563 8643 8703 8735 8748 8777 8788 8803 8955 8979 9001 9045 9094 9100 9161 9192 9343
49 7382 7439 7529 7566 7611 7699 7894 7944 8006 8076 8154 8182 8211 8224 8245 8253 8294 8335 8345 8384 8390 8426 8436 8475 8480 8519 8529 8537 8571 8580 8612 8674 8676 8719 8785 8789 8802 8836 8845 8965 9023 9030 9064 9152 9188 9296 9330 9354 9784
45 7418 7448 7494 7606 7636 7648 7707 7952 7974 7976 8050 8093 8178 8235 8238 8258 8262 8330 8347 8350 8352 8413 8435 8489 8490 8497 8534 8587 8608 8656 8704 8806 8809 8811 8846 8987 9080 9113 9164 9293 9349 9358 9388 9404 9410
33 7426 7511 7569 7613 7638 7689 7724 7864 7957 7986 8012 8111 8201 8249 8251 8263 8264 8318 8369 8391 8446 8498 8578 8662 8720 8818 8902 8940 8981 9134 9244 9383 9418
51 7427 7539 7574 7639 7694 7695 7698 7744 7985 7992 8027 8046 8176 8204 8239 8256 8274 8289 8309 8325 8358 8437 8448 8455 8476 8509 8550 8597 8599 8614 8667 8671 8684 8692 8705 8767 8795 8822 8825 8838 8852 8929 8994 9041 9285 9353 9422 9423 9431 9481 9510
42 7545 7633 7674 7708 7798 7890 8052 8072 8234 8257 8281 8285 8292 8316 8377 8398 8458 8466 8482 8512 8558 8560 8601 8610 8702 8707 8800 8817 8853 8905 8962 9004 9020 9022 9025 9099 9143 9398 9444 9452 9527 9544
50 7576 7642 7643 7662 7720 7787 7794 7867 8108 8250 8266 8322 8460 8463 8483 8499 8505 8507 8538 8591 8605 8621 8630 8650 8688 8713 8757 8804 8827 8839 8856 8863 8881 8888 8922 8985 9028 9032 9065 9074 9112 9170 9320 9463 9474 9505 9555 9607 9650 9741
49 7584 7609 7704 7760 7782 7871 7883 7969 8003 8063 8120 8162 8273 8293 8320 8328 8349 8365 8423 8477 8511 8536 8552 8604 8611 8675 8691 8732 8758 8837 8866 8868 8869 8900 8923 8951 8998 9034 9069 9082 9124 9342 9535 9542 9573 9580 9615 9643 9700
45 7653 7735 7781 7793 7918 7922 7982 8026 8073 8130 8368 8375 8381 8389 8418 8493 8528 8562 8573 8616 8639 8686 8721 8722 8752 8759 8764 8773 8843 8847 8921 8930 8973 9009 9013 9026 9036 9101 9148 9347 9563 9579 9645 9724 9770
45 7678 7822 7855 7929 8017 8049 8053 8074 8193 8277 8410 8417 8441 8462 8518 8532 8577 8617 8659 8661 8755 8761 8762 8780 8796 8860 8867 8908 8947 8996 9000 9048 9061 9062 9176 9193 9208 9374 9586 9687 9723 9731 9748 9768 9782
45 7828 7901 7937 7946 7979 8080 8083 8134 8166 8237 8421 8442 8454 8469 8581 8593 8602 8623 8665 8666 8775 8787 8871 8901 8942 8960 8982 8984 8997 9005 9016 9063 9167 9181 9201 9253 9476 9517 9613 9698 9705 9767 9786 9799 9932
41 7833 7849 7984 8044 8078 8143 8261 8327 8445 8464 8471 8478 8486 8588 8603 8628 8668 8677 8734 8769 8801 8807 8882 8926 8972 9011 9017 9070 9083 9085 9086 9108 9198 9205 9221 9277 9335 9572 9642 9802 9827
40 7851 7914 7995 8039 8118 8282 8339 8488 8506 8517 8541 8641 8652 8728 8813 8814 8864 8883 8975 8999 9021 9040 9046 9088 9102 9114 9125 9132 9146 9225 9265 9291 9450 9523 9620 9679 9765 9828 9829 9837
46 8033 8057 8085 8121 8125 8170 8183 8297 8324 8432 8438 8439 8494 8500 8526 8569 8642 8655 8689 8760 8815 8821 8824 8826 8842 8878 8990 9024 9066 9077 9105 9137 9142 9171 9210 9226 9301 9377 9508 9524 9557 9637 9774 9838 9847 9918
43 8090 8097 8128 8152 8207 8286 8356 8481 8530 8547 8549 8553 8627 8679 8680 8794 8808 8832 8844 8855 8859 8886 8925 9002 9047 9098 9103 9140 9144 9162 9195 9206 9259 9269 9306 9318 9539 9576 9633 9759 9778 9841 9914
36 8099 8172 8177 8227 8386 8415 8540 8543 8564 8572 8609 8638 8700 8812 8840 8857 8861 8899 8915 9050 9119 9122 9156 9199 9234 9245 9275 9305 9331 9348 9399 9582 9710 9866 9873 9958
43 8103 8184 8205 8246 8346 8431 8565 8575 8594 8620 8645 8687 8723 8783 8862 8877 8892 8907 8938 8939 8963 9008 9060 9091 9169 9174 9214 9230 9237 9271 9298 9313 9319 9357 9364 9472 9610 9661 9788 9863 9869 9882 9969
42 8141 8220 8267 8315 8364 8399 8400 8503 8584 8624 8634 8646 8673 8791 8798 8889 8894 8931 8956 9007 9010 9072 9081 9196 9197 9209 9239 9294 9333 9369 9379 9433 9486 9503 9667 9713 9805 9894 9900 9916 9968 9982
42 8299 8366 8404 8434 8513 8586 8613 8615 8649 8741 8834 8874 8876 8917 8943 8967 8976 8989 9035 9118 9160 9177 9222 9232 9252 9262 9266 9295 9316 9341 9373 9402 9479 9493 9514 9638 9686 9766 9904 9971 9991 9995
37 8372 8383 8407 8440 8566 8651 8663 8718 8737 8793 8904 8912 8944 8988 9012 9029 9043 9135 9207 9250 9264 9276 9297 9337 9386 9401 9432 9449 9496 9550 9602 9715 9878 9905 9912 9927 9947
37 8394 8424 8447 8590 8625 8681 8711 8726 8754 8828 8848 8974 8993 9051 9057 9068 9179 9185 9233 9256 9283 9292 9299 9323 9345 9396 9511 9516 9519 9536 9569 9652 9819 9886 9934 9950 9962
42 8406 8472 8492 8592 8657 8693 8701 8714 8727 8831 8873 8911 8914 9006 9056 9067 9087 9089 9090 9092 9158 9187 9217 9290 9312 9325 9355 9405 9419 9429 9471 9512 9521 9574 9578 9608 9631 9849 9865 9953 9978 9987
40 8450 8453 8468 8504 8523 8579 8697 8746 8756 8897 8913 8920 9044 9078 9093 9110 9116 9216 9218 9228 9261 9279 9326 9381 9387 9409 9426 9465 9473 9480 9530 9532 9541 9597 9603 9623 9691 9881 9903 9948
35 8502 8545 8546 8654 8699 8751 8765 8778 8790 8933 8937 9084 9126 9127 9173 9247 9249 9278 9280 9303 9311 9344 9389 9400 9411 9421 9487 9509 9518 9566 9605 9657 9680 9813 9977
37 8544 8551 8561 8568 8678 8710 8717 8733 8766 8820 8865 8910 8958 8968 9133 9149 9153 9178 9203 9231 9287 9334 9359 9390 9424 9427 9525 9528 9534 9551 9611 9639 9649 9656 9722 9840 9924
34 8595 8607 8669 8730 8740 8745 8829 8833 8872 8924 8970 8991 9059 9182 9186 9220 9254 9260 9267 9300 9365 9367 9430 9448 9469 9513 9560 9567 9614 9663 9682 9744 9789 9945
34 8598 8644 8653 8781 8797 8841 8884 8906 8954 9055 9107 9172 9183 9240 9270 9274 9281 9309 9372 9414 9434 9453 9455 9483 9507 9553 9564 9570 9626 9641 9644 9684 9749 9834
36 8698 8786 8835 8850 8851 8875 8885 8890 8936 8957 9121 9165 9184 9235 9272 9289 9308 9314 9317 9327 9332 9370 9458 9464 9466 9547 9587 9595 9647 9676 9693 9701 9711 9746 9775 9859
32 8709 8870 8903 8919 8927 8950 8966 8992 9027 9223 9241 9302 9310 9324 9338 9363 9368 9412 9490 9501 9552 9588 9596 9598 9653 9706 9726 9730 9758 9801 9843 9879
32 8724 8934 8949 8977 9033 9076 9079 9096 9097 9200 9238 9315 9329 9339 9375 9482 9497 9545 9609 9616 9617 9624 9659 9776 9779 9783 9807 9875 9911 9926 9965 9972
31 8725 8849 8854 8948 8952 8969 8980 9019 9042 9052 9095 9139 9147 9229 9350 9356 9362 9376 9420 9500 9502 9575 9618 9630 9671 9709 9823 9846 9897 9920 9938
32 8858 8896 8961 8971 9031 9039 9073 9115 9123 9190 9242 9258 9380 9393 9406 9415 9437 9442 9526 9548 9628 9651 9664 9666 9673 9674 9717 9796 9867 9896 9901 9944
27 8946 8983 9037 9075 9104 9120 9129 9251 9263 9268 9286 9391 9394 9425 9436 9451 9529 9593 9654 9655 9668 9683 9852 9922 9928 9946 9981
21 8995 9014 9117 9128 9130 9131 9219 9395 9439 9457 9461 9495 9562 9660 9672 9681 9712 9734 9830 9929 9985
22 9038 9136 9150 9304 9397 9407 9456 9467 9477 9491 9499 9634 9677 9689 9694 9704 9707 9716 9736 9794 9877 9998
21 9049 9053 9155 9157 9175 9224 9322 9384 9416 9454 9462 9485 9531 9658 9690 9703 9729 9757 9810 9893 9935
23 9054 9166 9202 9227 9236 9273 9382 9428 9484 9489 9494 9533 9546 9554 9720 9728 9739 9763 9769 9876 9923 9996 9999
23 9058 9106 9111 9194 9211 9213 9248 9352 9366 9378 9504 9540 9571 9583 9725 9733 9737 9750 9780 9792 9800 9845 9931
21 9141 9151 9243 9257 9336 9385 9506 9515 9520 9537 9565 9599 9619 9753 9760 9793 9809 9824 9844 9902 9959
17 9145 9168 9246 9288 9361 9408 9549 9585 9622 9675 9762 9771 9808 9812 9821 9833 9862
23 9159 9180 9282 9284 9360 9417 9440 9441 9459 9559 9568 9590 9629 9640 9648 9781 9798 9815 9818 9855 9871 9906 9964
20 9189 9328 9435 9445 9470 9492 9592 9606 9612 9621 9625 9665 9708 9745 9795 9835 9839 9857 9919 9983
16 9191 9215 9443 9446 9522 9561 9627 9632 9669 9678 9721 9790 9842 9908 9952 9993
20 9321 9340 9371 9447 9460 9584 9589 9635 9636 9719 9752 9754 9803 9848 9851 9853 9854 9883 9910 9917
20 9351 9475 9498 9591 9601 9646 9699 9702 9732 9735 9761 9772 9825 9831 9864 9870 9889 9921 9973 9979
13 9392 9488 9538 9685 9743 9751 9773 9777 9856 9880 9885 9939 9970
17 9413 9543 9594 9688 9695 9747 9755 9756 9785 9811 9817 9836 9874 9892 9898 9949 9976
17 9581 9662 9718 9727 9787 9791 9804 9806 9816 9884 9899 9907 9909 9915 9936 9954 9994
9 9670 9692 9797 9850 9891 9937 9943 9975 9989
9 9696 9714 9740 9820 9930 9940 9955 9986 9990
9 9738 9742 9764 9826 9868 9933 9951 9956 9961
7 9814 9858 9887 9913 9942 9963 9974
9 9822 9832 9861 9872 9890 9957 9966 9967 9980
3 9888 9960 9984
3 9925 9988 9992
0
0
0
0
0
0
0
0
0
0
0
0
0
0
0
0
0
0
0
0
0
0
0
0
0
0
0
0
0
0
0
0
0
0
0
0
0
0
0
0
0
0
0
0
0
0
0
0
0
0
0
0
0
0
0
0
0
0
0
0
0
0
0
0
0
0
0
0
0
0
0
0
0
0
0
0
0
0
0
0
0
0
0
0
0
0
0
0
0
0
0
0
0
0
0
0
0
0
0
0
0
